<?xml version="1.0" encoding="UTF-8"?>
<!-- Generated by org.testng.reporters.JUnitReportReporter -->
<testsuite name="TestNgConcepts.DataProviderTestWithExcel" tests="5" time="176.299" ignored="0" failures="0" timestamp="19 Oct 2021 11:54:28 GMT" skipped="0" hostname="PAKU-BLR-01" errors="0">
  <testcase name="loginTest" time="30.342" classname="TestNgConcepts.DataProviderTestWithExcel"/>
  <testcase name="loginTest" time="25.804" classname="TestNgConcepts.DataProviderTestWithExcel"/>
  <testcase name="loginTest" time="30.668" classname="TestNgConcepts.DataProviderTestWithExcel"/>
  <testcase name="loginTest" time="37.291" classname="TestNgConcepts.DataProviderTestWithExcel"/>
  <testcase name="loginTest" time="52.194" classname="TestNgConcepts.DataProviderTestWithExcel"/>
</testsuite> <!-- TestNgConcepts.DataProviderTestWithExcel -->
