<?xml version="1.0" encoding="UTF-8"?>
<!-- Generated by org.testng.reporters.JUnitReportReporter -->
<testsuite name="TestNgConcepts.InvocationCount" tests="20" time="0.417" ignored="0" failures="0" timestamp="19 Oct 2021 11:54:27 GMT" skipped="0" hostname="PAKU-BLR-01" errors="0">
  <testcase name="sum" time="0.002" classname="TestNgConcepts.InvocationCount"/>
  <testcase name="sum" time="0.035" classname="TestNgConcepts.InvocationCount"/>
  <testcase name="sum" time="0.254" classname="TestNgConcepts.InvocationCount"/>
  <testcase name="sum" time="0.002" classname="TestNgConcepts.InvocationCount"/>
  <testcase name="sum" time="0.023" classname="TestNgConcepts.InvocationCount"/>
  <testcase name="sum" time="0.001" classname="TestNgConcepts.InvocationCount"/>
  <testcase name="sum" time="0.002" classname="TestNgConcepts.InvocationCount"/>
  <testcase name="sum" time="0.061" classname="TestNgConcepts.InvocationCount"/>
  <testcase name="sum" time="0.002" classname="TestNgConcepts.InvocationCount"/>
  <testcase name="sum" time="0.002" classname="TestNgConcepts.InvocationCount"/>
  <testcase name="sum" time="0.003" classname="TestNgConcepts.InvocationCount"/>
  <testcase name="sum" time="0.003" classname="TestNgConcepts.InvocationCount"/>
  <testcase name="sum" time="0.004" classname="TestNgConcepts.InvocationCount"/>
  <testcase name="sum" time="0.006" classname="TestNgConcepts.InvocationCount"/>
  <testcase name="sum" time="0.002" classname="TestNgConcepts.InvocationCount"/>
  <testcase name="sum" time="0.001" classname="TestNgConcepts.InvocationCount"/>
  <testcase name="sum" time="0.001" classname="TestNgConcepts.InvocationCount"/>
  <testcase name="sum" time="0.004" classname="TestNgConcepts.InvocationCount"/>
  <testcase name="sum" time="0.001" classname="TestNgConcepts.InvocationCount"/>
  <testcase name="sum" time="0.008" classname="TestNgConcepts.InvocationCount"/>
</testsuite> <!-- TestNgConcepts.InvocationCount -->
