<?xml version="1.0" encoding="UTF-8"?>
<!-- Generated by org.testng.reporters.JUnitReportReporter -->
<testsuite name="TestNGPackage.ExceptionTimeOutTest" tests="1" time="0.013" ignored="0" failures="0" timestamp="04 Sep 2021 12:00:44 GMT" skipped="0" hostname="PAKU-BLR-01" errors="0">
  <testcase name="test1" time="0.013" classname="TestNGPackage.ExceptionTimeOutTest"/>
</testsuite> <!-- TestNGPackage.ExceptionTimeOutTest -->
