<?xml version="1.0" encoding="UTF-8"?>
<!-- Generated by org.testng.reporters.JUnitReportReporter -->
<testsuite name="TestNGParameters.TestNGParametersTest" tests="1" time="10.750" ignored="0" failures="0" timestamp="18 Oct 2021 17:09:21 GMT" skipped="0" hostname="PAKU-BLR-01" errors="0">
  <testcase name="YahooLoginTest" time="10.750" classname="TestNGParameters.TestNGParametersTest"/>
</testsuite> <!-- TestNGParameters.TestNGParametersTest -->
