<?xml version="1.0" encoding="UTF-8"?>
<!-- Generated by org.testng.reporters.JUnitReportReporter -->
<testsuite name="com.DataDriven.test.rough" tests="1" time="16.262" ignored="0" failures="0" timestamp="07 Sep 2021 08:19:27 GMT" skipped="0" hostname="PAKU-BLR-01" errors="0">
  <testcase name="login" time="16.262" classname="com.DataDriven.test.rough"/>
</testsuite> <!-- com.DataDriven.test.rough -->
