<?xml version="1.0" encoding="UTF-8"?>
<!-- Generated by org.testng.reporters.JUnitReportReporter -->
<testsuite name="TestNgConcepts.TestNgDependsOnMethod" tests="4" time="0.390" ignored="0" failures="0" timestamp="19 Oct 2021 11:54:28 GMT" skipped="0" hostname="PAKU-BLR-01" errors="0">
  <testcase name="SearchPageTest" time="0.095" classname="TestNgConcepts.TestNgDependsOnMethod"/>
  <testcase name="RegPageTest" time="0.070" classname="TestNgConcepts.TestNgDependsOnMethod"/>
  <testcase name="HomePageTest" time="0.126" classname="TestNgConcepts.TestNgDependsOnMethod"/>
  <testcase name="loginTest" time="0.099" classname="TestNgConcepts.TestNgDependsOnMethod"/>
</testsuite> <!-- TestNgConcepts.TestNgDependsOnMethod -->
