<?xml version="1.0" encoding="UTF-8"?>
<!-- Generated by org.testng.reporters.JUnitReportReporter -->
<testsuite name="TestNgConcepts.TestNgAnnotations" tests="3" time="0.183" ignored="0" failures="0" timestamp="19 Oct 2021 11:54:28 GMT" skipped="0" hostname="PAKU-BLR-01" errors="0">
  <testcase name="googleTitleTest" time="0.095" classname="TestNgConcepts.TestNgAnnotations"/>
  <testcase name="googlesearch" time="0.046" classname="TestNgConcepts.TestNgAnnotations"/>
  <testcase name="googlelogoTest" time="0.042" classname="TestNgConcepts.TestNgAnnotations"/>
</testsuite> <!-- TestNgConcepts.TestNgAnnotations -->
