<?xml version="1.0" encoding="UTF-8"?>
<!-- Generated by org.testng.reporters.JUnitReportReporter -->
<testsuite name="TestNGPackage.InvocationCountTest" tests="1000" time="1.014" ignored="0" failures="0" timestamp="04 Sep 2021 12:00:44 GMT" skipped="0" hostname="PAKU-BLR-01" errors="0">
  <testcase name="sum" time="0.000" classname="TestNGPackage.InvocationCountTest"/>
  <testcase name="sum" time="0.001" classname="TestNGPackage.InvocationCountTest"/>
  <testcase name="sum" time="0.001" classname="TestNGPackage.InvocationCountTest"/>
  <testcase name="sum" time="0.001" classname="TestNGPackage.InvocationCountTest"/>
  <testcase name="sum" time="0.000" classname="TestNGPackage.InvocationCountTest"/>
  <testcase name="sum" time="0.001" classname="TestNGPackage.InvocationCountTest"/>
  <testcase name="sum" time="0.001" classname="TestNGPackage.InvocationCountTest"/>
  <testcase name="sum" time="0.001" classname="TestNGPackage.InvocationCountTest"/>
  <testcase name="sum" time="0.014" classname="TestNGPackage.InvocationCountTest"/>
  <testcase name="sum" time="0.000" classname="TestNGPackage.InvocationCountTest"/>
  <testcase name="sum" time="0.001" classname="TestNGPackage.InvocationCountTest"/>
  <testcase name="sum" time="0.000" classname="TestNGPackage.InvocationCountTest"/>
  <testcase name="sum" time="0.001" classname="TestNGPackage.InvocationCountTest"/>
  <testcase name="sum" time="0.001" classname="TestNGPackage.InvocationCountTest"/>
  <testcase name="sum" time="0.001" classname="TestNGPackage.InvocationCountTest"/>
  <testcase name="sum" time="0.001" classname="TestNGPackage.InvocationCountTest"/>
  <testcase name="sum" time="0.001" classname="TestNGPackage.InvocationCountTest"/>
  <testcase name="sum" time="0.001" classname="TestNGPackage.InvocationCountTest"/>
  <testcase name="sum" time="0.001" classname="TestNGPackage.InvocationCountTest"/>
  <testcase name="sum" time="0.001" classname="TestNGPackage.InvocationCountTest"/>
  <testcase name="sum" time="0.001" classname="TestNGPackage.InvocationCountTest"/>
  <testcase name="sum" time="0.001" classname="TestNGPackage.InvocationCountTest"/>
  <testcase name="sum" time="0.000" classname="TestNGPackage.InvocationCountTest"/>
  <testcase name="sum" time="0.001" classname="TestNGPackage.InvocationCountTest"/>
  <testcase name="sum" time="0.002" classname="TestNGPackage.InvocationCountTest"/>
  <testcase name="sum" time="0.000" classname="TestNGPackage.InvocationCountTest"/>
  <testcase name="sum" time="0.001" classname="TestNGPackage.InvocationCountTest"/>
  <testcase name="sum" time="0.001" classname="TestNGPackage.InvocationCountTest"/>
  <testcase name="sum" time="0.001" classname="TestNGPackage.InvocationCountTest"/>
  <testcase name="sum" time="0.000" classname="TestNGPackage.InvocationCountTest"/>
  <testcase name="sum" time="0.001" classname="TestNGPackage.InvocationCountTest"/>
  <testcase name="sum" time="0.001" classname="TestNGPackage.InvocationCountTest"/>
  <testcase name="sum" time="0.000" classname="TestNGPackage.InvocationCountTest"/>
  <testcase name="sum" time="0.001" classname="TestNGPackage.InvocationCountTest"/>
  <testcase name="sum" time="0.004" classname="TestNGPackage.InvocationCountTest"/>
  <testcase name="sum" time="0.000" classname="TestNGPackage.InvocationCountTest"/>
  <testcase name="sum" time="0.001" classname="TestNGPackage.InvocationCountTest"/>
  <testcase name="sum" time="0.000" classname="TestNGPackage.InvocationCountTest"/>
  <testcase name="sum" time="0.008" classname="TestNGPackage.InvocationCountTest"/>
  <testcase name="sum" time="0.001" classname="TestNGPackage.InvocationCountTest"/>
  <testcase name="sum" time="0.001" classname="TestNGPackage.InvocationCountTest"/>
  <testcase name="sum" time="0.002" classname="TestNGPackage.InvocationCountTest"/>
  <testcase name="sum" time="0.000" classname="TestNGPackage.InvocationCountTest"/>
  <testcase name="sum" time="0.002" classname="TestNGPackage.InvocationCountTest"/>
  <testcase name="sum" time="0.000" classname="TestNGPackage.InvocationCountTest"/>
  <testcase name="sum" time="0.001" classname="TestNGPackage.InvocationCountTest"/>
  <testcase name="sum" time="0.000" classname="TestNGPackage.InvocationCountTest"/>
  <testcase name="sum" time="0.000" classname="TestNGPackage.InvocationCountTest"/>
  <testcase name="sum" time="0.001" classname="TestNGPackage.InvocationCountTest"/>
  <testcase name="sum" time="0.002" classname="TestNGPackage.InvocationCountTest"/>
  <testcase name="sum" time="0.000" classname="TestNGPackage.InvocationCountTest"/>
  <testcase name="sum" time="0.001" classname="TestNGPackage.InvocationCountTest"/>
  <testcase name="sum" time="0.001" classname="TestNGPackage.InvocationCountTest"/>
  <testcase name="sum" time="0.001" classname="TestNGPackage.InvocationCountTest"/>
  <testcase name="sum" time="0.001" classname="TestNGPackage.InvocationCountTest"/>
  <testcase name="sum" time="0.001" classname="TestNGPackage.InvocationCountTest"/>
  <testcase name="sum" time="0.001" classname="TestNGPackage.InvocationCountTest"/>
  <testcase name="sum" time="0.001" classname="TestNGPackage.InvocationCountTest"/>
  <testcase name="sum" time="0.002" classname="TestNGPackage.InvocationCountTest"/>
  <testcase name="sum" time="0.001" classname="TestNGPackage.InvocationCountTest"/>
  <testcase name="sum" time="0.001" classname="TestNGPackage.InvocationCountTest"/>
  <testcase name="sum" time="0.002" classname="TestNGPackage.InvocationCountTest"/>
  <testcase name="sum" time="0.001" classname="TestNGPackage.InvocationCountTest"/>
  <testcase name="sum" time="0.000" classname="TestNGPackage.InvocationCountTest"/>
  <testcase name="sum" time="0.000" classname="TestNGPackage.InvocationCountTest"/>
  <testcase name="sum" time="0.001" classname="TestNGPackage.InvocationCountTest"/>
  <testcase name="sum" time="0.000" classname="TestNGPackage.InvocationCountTest"/>
  <testcase name="sum" time="0.000" classname="TestNGPackage.InvocationCountTest"/>
  <testcase name="sum" time="0.000" classname="TestNGPackage.InvocationCountTest"/>
  <testcase name="sum" time="0.001" classname="TestNGPackage.InvocationCountTest"/>
  <testcase name="sum" time="0.000" classname="TestNGPackage.InvocationCountTest"/>
  <testcase name="sum" time="0.001" classname="TestNGPackage.InvocationCountTest"/>
  <testcase name="sum" time="0.000" classname="TestNGPackage.InvocationCountTest"/>
  <testcase name="sum" time="0.000" classname="TestNGPackage.InvocationCountTest"/>
  <testcase name="sum" time="0.000" classname="TestNGPackage.InvocationCountTest"/>
  <testcase name="sum" time="0.000" classname="TestNGPackage.InvocationCountTest"/>
  <testcase name="sum" time="0.002" classname="TestNGPackage.InvocationCountTest"/>
  <testcase name="sum" time="0.000" classname="TestNGPackage.InvocationCountTest"/>
  <testcase name="sum" time="0.001" classname="TestNGPackage.InvocationCountTest"/>
  <testcase name="sum" time="0.001" classname="TestNGPackage.InvocationCountTest"/>
  <testcase name="sum" time="0.001" classname="TestNGPackage.InvocationCountTest"/>
  <testcase name="sum" time="0.001" classname="TestNGPackage.InvocationCountTest"/>
  <testcase name="sum" time="0.001" classname="TestNGPackage.InvocationCountTest"/>
  <testcase name="sum" time="0.001" classname="TestNGPackage.InvocationCountTest"/>
  <testcase name="sum" time="0.000" classname="TestNGPackage.InvocationCountTest"/>
  <testcase name="sum" time="0.000" classname="TestNGPackage.InvocationCountTest"/>
  <testcase name="sum" time="0.000" classname="TestNGPackage.InvocationCountTest"/>
  <testcase name="sum" time="0.001" classname="TestNGPackage.InvocationCountTest"/>
  <testcase name="sum" time="0.001" classname="TestNGPackage.InvocationCountTest"/>
  <testcase name="sum" time="0.000" classname="TestNGPackage.InvocationCountTest"/>
  <testcase name="sum" time="0.001" classname="TestNGPackage.InvocationCountTest"/>
  <testcase name="sum" time="0.000" classname="TestNGPackage.InvocationCountTest"/>
  <testcase name="sum" time="0.001" classname="TestNGPackage.InvocationCountTest"/>
  <testcase name="sum" time="0.000" classname="TestNGPackage.InvocationCountTest"/>
  <testcase name="sum" time="0.001" classname="TestNGPackage.InvocationCountTest"/>
  <testcase name="sum" time="0.001" classname="TestNGPackage.InvocationCountTest"/>
  <testcase name="sum" time="0.000" classname="TestNGPackage.InvocationCountTest"/>
  <testcase name="sum" time="0.004" classname="TestNGPackage.InvocationCountTest"/>
  <testcase name="sum" time="0.002" classname="TestNGPackage.InvocationCountTest"/>
  <testcase name="sum" time="0.001" classname="TestNGPackage.InvocationCountTest"/>
  <testcase name="sum" time="0.001" classname="TestNGPackage.InvocationCountTest"/>
  <testcase name="sum" time="0.001" classname="TestNGPackage.InvocationCountTest"/>
  <testcase name="sum" time="0.001" classname="TestNGPackage.InvocationCountTest"/>
  <testcase name="sum" time="0.001" classname="TestNGPackage.InvocationCountTest"/>
  <testcase name="sum" time="0.001" classname="TestNGPackage.InvocationCountTest"/>
  <testcase name="sum" time="0.000" classname="TestNGPackage.InvocationCountTest"/>
  <testcase name="sum" time="0.001" classname="TestNGPackage.InvocationCountTest"/>
  <testcase name="sum" time="0.001" classname="TestNGPackage.InvocationCountTest"/>
  <testcase name="sum" time="0.000" classname="TestNGPackage.InvocationCountTest"/>
  <testcase name="sum" time="0.000" classname="TestNGPackage.InvocationCountTest"/>
  <testcase name="sum" time="0.001" classname="TestNGPackage.InvocationCountTest"/>
  <testcase name="sum" time="0.001" classname="TestNGPackage.InvocationCountTest"/>
  <testcase name="sum" time="0.000" classname="TestNGPackage.InvocationCountTest"/>
  <testcase name="sum" time="0.000" classname="TestNGPackage.InvocationCountTest"/>
  <testcase name="sum" time="0.001" classname="TestNGPackage.InvocationCountTest"/>
  <testcase name="sum" time="0.000" classname="TestNGPackage.InvocationCountTest"/>
  <testcase name="sum" time="0.003" classname="TestNGPackage.InvocationCountTest"/>
  <testcase name="sum" time="0.000" classname="TestNGPackage.InvocationCountTest"/>
  <testcase name="sum" time="0.000" classname="TestNGPackage.InvocationCountTest"/>
  <testcase name="sum" time="0.001" classname="TestNGPackage.InvocationCountTest"/>
  <testcase name="sum" time="0.003" classname="TestNGPackage.InvocationCountTest"/>
  <testcase name="sum" time="0.004" classname="TestNGPackage.InvocationCountTest"/>
  <testcase name="sum" time="0.000" classname="TestNGPackage.InvocationCountTest"/>
  <testcase name="sum" time="0.001" classname="TestNGPackage.InvocationCountTest"/>
  <testcase name="sum" time="0.001" classname="TestNGPackage.InvocationCountTest"/>
  <testcase name="sum" time="0.001" classname="TestNGPackage.InvocationCountTest"/>
  <testcase name="sum" time="0.000" classname="TestNGPackage.InvocationCountTest"/>
  <testcase name="sum" time="0.001" classname="TestNGPackage.InvocationCountTest"/>
  <testcase name="sum" time="0.000" classname="TestNGPackage.InvocationCountTest"/>
  <testcase name="sum" time="0.009" classname="TestNGPackage.InvocationCountTest"/>
  <testcase name="sum" time="0.001" classname="TestNGPackage.InvocationCountTest"/>
  <testcase name="sum" time="0.001" classname="TestNGPackage.InvocationCountTest"/>
  <testcase name="sum" time="0.001" classname="TestNGPackage.InvocationCountTest"/>
  <testcase name="sum" time="0.000" classname="TestNGPackage.InvocationCountTest"/>
  <testcase name="sum" time="0.000" classname="TestNGPackage.InvocationCountTest"/>
  <testcase name="sum" time="0.000" classname="TestNGPackage.InvocationCountTest"/>
  <testcase name="sum" time="0.000" classname="TestNGPackage.InvocationCountTest"/>
  <testcase name="sum" time="0.001" classname="TestNGPackage.InvocationCountTest"/>
  <testcase name="sum" time="0.002" classname="TestNGPackage.InvocationCountTest"/>
  <testcase name="sum" time="0.001" classname="TestNGPackage.InvocationCountTest"/>
  <testcase name="sum" time="0.000" classname="TestNGPackage.InvocationCountTest"/>
  <testcase name="sum" time="0.000" classname="TestNGPackage.InvocationCountTest"/>
  <testcase name="sum" time="0.000" classname="TestNGPackage.InvocationCountTest"/>
  <testcase name="sum" time="0.001" classname="TestNGPackage.InvocationCountTest"/>
  <testcase name="sum" time="0.003" classname="TestNGPackage.InvocationCountTest"/>
  <testcase name="sum" time="0.000" classname="TestNGPackage.InvocationCountTest"/>
  <testcase name="sum" time="0.000" classname="TestNGPackage.InvocationCountTest"/>
  <testcase name="sum" time="0.001" classname="TestNGPackage.InvocationCountTest"/>
  <testcase name="sum" time="0.001" classname="TestNGPackage.InvocationCountTest"/>
  <testcase name="sum" time="0.000" classname="TestNGPackage.InvocationCountTest"/>
  <testcase name="sum" time="0.000" classname="TestNGPackage.InvocationCountTest"/>
  <testcase name="sum" time="0.000" classname="TestNGPackage.InvocationCountTest"/>
  <testcase name="sum" time="0.001" classname="TestNGPackage.InvocationCountTest"/>
  <testcase name="sum" time="0.001" classname="TestNGPackage.InvocationCountTest"/>
  <testcase name="sum" time="0.001" classname="TestNGPackage.InvocationCountTest"/>
  <testcase name="sum" time="0.001" classname="TestNGPackage.InvocationCountTest"/>
  <testcase name="sum" time="0.001" classname="TestNGPackage.InvocationCountTest"/>
  <testcase name="sum" time="0.000" classname="TestNGPackage.InvocationCountTest"/>
  <testcase name="sum" time="0.000" classname="TestNGPackage.InvocationCountTest"/>
  <testcase name="sum" time="0.001" classname="TestNGPackage.InvocationCountTest"/>
  <testcase name="sum" time="0.000" classname="TestNGPackage.InvocationCountTest"/>
  <testcase name="sum" time="0.000" classname="TestNGPackage.InvocationCountTest"/>
  <testcase name="sum" time="0.001" classname="TestNGPackage.InvocationCountTest"/>
  <testcase name="sum" time="0.001" classname="TestNGPackage.InvocationCountTest"/>
  <testcase name="sum" time="0.004" classname="TestNGPackage.InvocationCountTest"/>
  <testcase name="sum" time="0.000" classname="TestNGPackage.InvocationCountTest"/>
  <testcase name="sum" time="0.001" classname="TestNGPackage.InvocationCountTest"/>
  <testcase name="sum" time="0.001" classname="TestNGPackage.InvocationCountTest"/>
  <testcase name="sum" time="0.001" classname="TestNGPackage.InvocationCountTest"/>
  <testcase name="sum" time="0.004" classname="TestNGPackage.InvocationCountTest"/>
  <testcase name="sum" time="0.000" classname="TestNGPackage.InvocationCountTest"/>
  <testcase name="sum" time="0.000" classname="TestNGPackage.InvocationCountTest"/>
  <testcase name="sum" time="0.001" classname="TestNGPackage.InvocationCountTest"/>
  <testcase name="sum" time="0.001" classname="TestNGPackage.InvocationCountTest"/>
  <testcase name="sum" time="0.000" classname="TestNGPackage.InvocationCountTest"/>
  <testcase name="sum" time="0.001" classname="TestNGPackage.InvocationCountTest"/>
  <testcase name="sum" time="0.000" classname="TestNGPackage.InvocationCountTest"/>
  <testcase name="sum" time="0.000" classname="TestNGPackage.InvocationCountTest"/>
  <testcase name="sum" time="0.001" classname="TestNGPackage.InvocationCountTest"/>
  <testcase name="sum" time="0.001" classname="TestNGPackage.InvocationCountTest"/>
  <testcase name="sum" time="0.001" classname="TestNGPackage.InvocationCountTest"/>
  <testcase name="sum" time="0.003" classname="TestNGPackage.InvocationCountTest"/>
  <testcase name="sum" time="0.000" classname="TestNGPackage.InvocationCountTest"/>
  <testcase name="sum" time="0.004" classname="TestNGPackage.InvocationCountTest"/>
  <testcase name="sum" time="0.000" classname="TestNGPackage.InvocationCountTest"/>
  <testcase name="sum" time="0.000" classname="TestNGPackage.InvocationCountTest"/>
  <testcase name="sum" time="0.000" classname="TestNGPackage.InvocationCountTest"/>
  <testcase name="sum" time="0.001" classname="TestNGPackage.InvocationCountTest"/>
  <testcase name="sum" time="0.000" classname="TestNGPackage.InvocationCountTest"/>
  <testcase name="sum" time="0.001" classname="TestNGPackage.InvocationCountTest"/>
  <testcase name="sum" time="0.000" classname="TestNGPackage.InvocationCountTest"/>
  <testcase name="sum" time="0.000" classname="TestNGPackage.InvocationCountTest"/>
  <testcase name="sum" time="0.001" classname="TestNGPackage.InvocationCountTest"/>
  <testcase name="sum" time="0.001" classname="TestNGPackage.InvocationCountTest"/>
  <testcase name="sum" time="0.001" classname="TestNGPackage.InvocationCountTest"/>
  <testcase name="sum" time="0.001" classname="TestNGPackage.InvocationCountTest"/>
  <testcase name="sum" time="0.003" classname="TestNGPackage.InvocationCountTest"/>
  <testcase name="sum" time="0.001" classname="TestNGPackage.InvocationCountTest"/>
  <testcase name="sum" time="0.000" classname="TestNGPackage.InvocationCountTest"/>
  <testcase name="sum" time="0.000" classname="TestNGPackage.InvocationCountTest"/>
  <testcase name="sum" time="0.017" classname="TestNGPackage.InvocationCountTest"/>
  <testcase name="sum" time="0.001" classname="TestNGPackage.InvocationCountTest"/>
  <testcase name="sum" time="0.001" classname="TestNGPackage.InvocationCountTest"/>
  <testcase name="sum" time="0.001" classname="TestNGPackage.InvocationCountTest"/>
  <testcase name="sum" time="0.001" classname="TestNGPackage.InvocationCountTest"/>
  <testcase name="sum" time="0.000" classname="TestNGPackage.InvocationCountTest"/>
  <testcase name="sum" time="0.000" classname="TestNGPackage.InvocationCountTest"/>
  <testcase name="sum" time="0.001" classname="TestNGPackage.InvocationCountTest"/>
  <testcase name="sum" time="0.001" classname="TestNGPackage.InvocationCountTest"/>
  <testcase name="sum" time="0.001" classname="TestNGPackage.InvocationCountTest"/>
  <testcase name="sum" time="0.001" classname="TestNGPackage.InvocationCountTest"/>
  <testcase name="sum" time="0.001" classname="TestNGPackage.InvocationCountTest"/>
  <testcase name="sum" time="0.000" classname="TestNGPackage.InvocationCountTest"/>
  <testcase name="sum" time="0.000" classname="TestNGPackage.InvocationCountTest"/>
  <testcase name="sum" time="0.000" classname="TestNGPackage.InvocationCountTest"/>
  <testcase name="sum" time="0.001" classname="TestNGPackage.InvocationCountTest"/>
  <testcase name="sum" time="0.001" classname="TestNGPackage.InvocationCountTest"/>
  <testcase name="sum" time="0.001" classname="TestNGPackage.InvocationCountTest"/>
  <testcase name="sum" time="0.001" classname="TestNGPackage.InvocationCountTest"/>
  <testcase name="sum" time="0.000" classname="TestNGPackage.InvocationCountTest"/>
  <testcase name="sum" time="0.001" classname="TestNGPackage.InvocationCountTest"/>
  <testcase name="sum" time="0.001" classname="TestNGPackage.InvocationCountTest"/>
  <testcase name="sum" time="0.001" classname="TestNGPackage.InvocationCountTest"/>
  <testcase name="sum" time="0.002" classname="TestNGPackage.InvocationCountTest"/>
  <testcase name="sum" time="0.001" classname="TestNGPackage.InvocationCountTest"/>
  <testcase name="sum" time="0.000" classname="TestNGPackage.InvocationCountTest"/>
  <testcase name="sum" time="0.002" classname="TestNGPackage.InvocationCountTest"/>
  <testcase name="sum" time="0.000" classname="TestNGPackage.InvocationCountTest"/>
  <testcase name="sum" time="0.001" classname="TestNGPackage.InvocationCountTest"/>
  <testcase name="sum" time="0.000" classname="TestNGPackage.InvocationCountTest"/>
  <testcase name="sum" time="0.001" classname="TestNGPackage.InvocationCountTest"/>
  <testcase name="sum" time="0.001" classname="TestNGPackage.InvocationCountTest"/>
  <testcase name="sum" time="0.000" classname="TestNGPackage.InvocationCountTest"/>
  <testcase name="sum" time="0.002" classname="TestNGPackage.InvocationCountTest"/>
  <testcase name="sum" time="0.001" classname="TestNGPackage.InvocationCountTest"/>
  <testcase name="sum" time="0.000" classname="TestNGPackage.InvocationCountTest"/>
  <testcase name="sum" time="0.001" classname="TestNGPackage.InvocationCountTest"/>
  <testcase name="sum" time="0.000" classname="TestNGPackage.InvocationCountTest"/>
  <testcase name="sum" time="0.001" classname="TestNGPackage.InvocationCountTest"/>
  <testcase name="sum" time="0.001" classname="TestNGPackage.InvocationCountTest"/>
  <testcase name="sum" time="0.000" classname="TestNGPackage.InvocationCountTest"/>
  <testcase name="sum" time="0.001" classname="TestNGPackage.InvocationCountTest"/>
  <testcase name="sum" time="0.000" classname="TestNGPackage.InvocationCountTest"/>
  <testcase name="sum" time="0.000" classname="TestNGPackage.InvocationCountTest"/>
  <testcase name="sum" time="0.000" classname="TestNGPackage.InvocationCountTest"/>
  <testcase name="sum" time="0.001" classname="TestNGPackage.InvocationCountTest"/>
  <testcase name="sum" time="0.001" classname="TestNGPackage.InvocationCountTest"/>
  <testcase name="sum" time="0.001" classname="TestNGPackage.InvocationCountTest"/>
  <testcase name="sum" time="0.001" classname="TestNGPackage.InvocationCountTest"/>
  <testcase name="sum" time="0.001" classname="TestNGPackage.InvocationCountTest"/>
  <testcase name="sum" time="0.000" classname="TestNGPackage.InvocationCountTest"/>
  <testcase name="sum" time="0.000" classname="TestNGPackage.InvocationCountTest"/>
  <testcase name="sum" time="0.000" classname="TestNGPackage.InvocationCountTest"/>
  <testcase name="sum" time="0.001" classname="TestNGPackage.InvocationCountTest"/>
  <testcase name="sum" time="0.001" classname="TestNGPackage.InvocationCountTest"/>
  <testcase name="sum" time="0.000" classname="TestNGPackage.InvocationCountTest"/>
  <testcase name="sum" time="0.000" classname="TestNGPackage.InvocationCountTest"/>
  <testcase name="sum" time="0.002" classname="TestNGPackage.InvocationCountTest"/>
  <testcase name="sum" time="0.001" classname="TestNGPackage.InvocationCountTest"/>
  <testcase name="sum" time="0.000" classname="TestNGPackage.InvocationCountTest"/>
  <testcase name="sum" time="0.001" classname="TestNGPackage.InvocationCountTest"/>
  <testcase name="sum" time="0.001" classname="TestNGPackage.InvocationCountTest"/>
  <testcase name="sum" time="0.001" classname="TestNGPackage.InvocationCountTest"/>
  <testcase name="sum" time="0.000" classname="TestNGPackage.InvocationCountTest"/>
  <testcase name="sum" time="0.001" classname="TestNGPackage.InvocationCountTest"/>
  <testcase name="sum" time="0.001" classname="TestNGPackage.InvocationCountTest"/>
  <testcase name="sum" time="0.002" classname="TestNGPackage.InvocationCountTest"/>
  <testcase name="sum" time="0.001" classname="TestNGPackage.InvocationCountTest"/>
  <testcase name="sum" time="0.000" classname="TestNGPackage.InvocationCountTest"/>
  <testcase name="sum" time="0.001" classname="TestNGPackage.InvocationCountTest"/>
  <testcase name="sum" time="0.001" classname="TestNGPackage.InvocationCountTest"/>
  <testcase name="sum" time="0.000" classname="TestNGPackage.InvocationCountTest"/>
  <testcase name="sum" time="0.000" classname="TestNGPackage.InvocationCountTest"/>
  <testcase name="sum" time="0.001" classname="TestNGPackage.InvocationCountTest"/>
  <testcase name="sum" time="0.000" classname="TestNGPackage.InvocationCountTest"/>
  <testcase name="sum" time="0.000" classname="TestNGPackage.InvocationCountTest"/>
  <testcase name="sum" time="0.000" classname="TestNGPackage.InvocationCountTest"/>
  <testcase name="sum" time="0.000" classname="TestNGPackage.InvocationCountTest"/>
  <testcase name="sum" time="0.001" classname="TestNGPackage.InvocationCountTest"/>
  <testcase name="sum" time="0.000" classname="TestNGPackage.InvocationCountTest"/>
  <testcase name="sum" time="0.000" classname="TestNGPackage.InvocationCountTest"/>
  <testcase name="sum" time="0.000" classname="TestNGPackage.InvocationCountTest"/>
  <testcase name="sum" time="0.002" classname="TestNGPackage.InvocationCountTest"/>
  <testcase name="sum" time="0.000" classname="TestNGPackage.InvocationCountTest"/>
  <testcase name="sum" time="0.001" classname="TestNGPackage.InvocationCountTest"/>
  <testcase name="sum" time="0.001" classname="TestNGPackage.InvocationCountTest"/>
  <testcase name="sum" time="0.001" classname="TestNGPackage.InvocationCountTest"/>
  <testcase name="sum" time="0.000" classname="TestNGPackage.InvocationCountTest"/>
  <testcase name="sum" time="0.001" classname="TestNGPackage.InvocationCountTest"/>
  <testcase name="sum" time="0.000" classname="TestNGPackage.InvocationCountTest"/>
  <testcase name="sum" time="0.017" classname="TestNGPackage.InvocationCountTest"/>
  <testcase name="sum" time="0.001" classname="TestNGPackage.InvocationCountTest"/>
  <testcase name="sum" time="0.000" classname="TestNGPackage.InvocationCountTest"/>
  <testcase name="sum" time="0.001" classname="TestNGPackage.InvocationCountTest"/>
  <testcase name="sum" time="0.000" classname="TestNGPackage.InvocationCountTest"/>
  <testcase name="sum" time="0.000" classname="TestNGPackage.InvocationCountTest"/>
  <testcase name="sum" time="0.001" classname="TestNGPackage.InvocationCountTest"/>
  <testcase name="sum" time="0.001" classname="TestNGPackage.InvocationCountTest"/>
  <testcase name="sum" time="0.000" classname="TestNGPackage.InvocationCountTest"/>
  <testcase name="sum" time="0.001" classname="TestNGPackage.InvocationCountTest"/>
  <testcase name="sum" time="0.001" classname="TestNGPackage.InvocationCountTest"/>
  <testcase name="sum" time="0.000" classname="TestNGPackage.InvocationCountTest"/>
  <testcase name="sum" time="0.000" classname="TestNGPackage.InvocationCountTest"/>
  <testcase name="sum" time="0.000" classname="TestNGPackage.InvocationCountTest"/>
  <testcase name="sum" time="0.001" classname="TestNGPackage.InvocationCountTest"/>
  <testcase name="sum" time="0.000" classname="TestNGPackage.InvocationCountTest"/>
  <testcase name="sum" time="0.001" classname="TestNGPackage.InvocationCountTest"/>
  <testcase name="sum" time="0.000" classname="TestNGPackage.InvocationCountTest"/>
  <testcase name="sum" time="0.001" classname="TestNGPackage.InvocationCountTest"/>
  <testcase name="sum" time="0.000" classname="TestNGPackage.InvocationCountTest"/>
  <testcase name="sum" time="0.001" classname="TestNGPackage.InvocationCountTest"/>
  <testcase name="sum" time="0.001" classname="TestNGPackage.InvocationCountTest"/>
  <testcase name="sum" time="0.001" classname="TestNGPackage.InvocationCountTest"/>
  <testcase name="sum" time="0.001" classname="TestNGPackage.InvocationCountTest"/>
  <testcase name="sum" time="0.001" classname="TestNGPackage.InvocationCountTest"/>
  <testcase name="sum" time="0.000" classname="TestNGPackage.InvocationCountTest"/>
  <testcase name="sum" time="0.000" classname="TestNGPackage.InvocationCountTest"/>
  <testcase name="sum" time="0.000" classname="TestNGPackage.InvocationCountTest"/>
  <testcase name="sum" time="0.000" classname="TestNGPackage.InvocationCountTest"/>
  <testcase name="sum" time="0.000" classname="TestNGPackage.InvocationCountTest"/>
  <testcase name="sum" time="0.001" classname="TestNGPackage.InvocationCountTest"/>
  <testcase name="sum" time="0.001" classname="TestNGPackage.InvocationCountTest"/>
  <testcase name="sum" time="0.001" classname="TestNGPackage.InvocationCountTest"/>
  <testcase name="sum" time="0.000" classname="TestNGPackage.InvocationCountTest"/>
  <testcase name="sum" time="0.001" classname="TestNGPackage.InvocationCountTest"/>
  <testcase name="sum" time="0.000" classname="TestNGPackage.InvocationCountTest"/>
  <testcase name="sum" time="0.001" classname="TestNGPackage.InvocationCountTest"/>
  <testcase name="sum" time="0.000" classname="TestNGPackage.InvocationCountTest"/>
  <testcase name="sum" time="0.001" classname="TestNGPackage.InvocationCountTest"/>
  <testcase name="sum" time="0.001" classname="TestNGPackage.InvocationCountTest"/>
  <testcase name="sum" time="0.000" classname="TestNGPackage.InvocationCountTest"/>
  <testcase name="sum" time="0.000" classname="TestNGPackage.InvocationCountTest"/>
  <testcase name="sum" time="0.001" classname="TestNGPackage.InvocationCountTest"/>
  <testcase name="sum" time="0.001" classname="TestNGPackage.InvocationCountTest"/>
  <testcase name="sum" time="0.001" classname="TestNGPackage.InvocationCountTest"/>
  <testcase name="sum" time="0.000" classname="TestNGPackage.InvocationCountTest"/>
  <testcase name="sum" time="0.000" classname="TestNGPackage.InvocationCountTest"/>
  <testcase name="sum" time="0.000" classname="TestNGPackage.InvocationCountTest"/>
  <testcase name="sum" time="0.001" classname="TestNGPackage.InvocationCountTest"/>
  <testcase name="sum" time="0.001" classname="TestNGPackage.InvocationCountTest"/>
  <testcase name="sum" time="0.001" classname="TestNGPackage.InvocationCountTest"/>
  <testcase name="sum" time="0.001" classname="TestNGPackage.InvocationCountTest"/>
  <testcase name="sum" time="0.000" classname="TestNGPackage.InvocationCountTest"/>
  <testcase name="sum" time="0.001" classname="TestNGPackage.InvocationCountTest"/>
  <testcase name="sum" time="0.000" classname="TestNGPackage.InvocationCountTest"/>
  <testcase name="sum" time="0.000" classname="TestNGPackage.InvocationCountTest"/>
  <testcase name="sum" time="0.000" classname="TestNGPackage.InvocationCountTest"/>
  <testcase name="sum" time="0.001" classname="TestNGPackage.InvocationCountTest"/>
  <testcase name="sum" time="0.001" classname="TestNGPackage.InvocationCountTest"/>
  <testcase name="sum" time="0.000" classname="TestNGPackage.InvocationCountTest"/>
  <testcase name="sum" time="0.000" classname="TestNGPackage.InvocationCountTest"/>
  <testcase name="sum" time="0.001" classname="TestNGPackage.InvocationCountTest"/>
  <testcase name="sum" time="0.001" classname="TestNGPackage.InvocationCountTest"/>
  <testcase name="sum" time="0.000" classname="TestNGPackage.InvocationCountTest"/>
  <testcase name="sum" time="0.001" classname="TestNGPackage.InvocationCountTest"/>
  <testcase name="sum" time="0.000" classname="TestNGPackage.InvocationCountTest"/>
  <testcase name="sum" time="0.001" classname="TestNGPackage.InvocationCountTest"/>
  <testcase name="sum" time="0.001" classname="TestNGPackage.InvocationCountTest"/>
  <testcase name="sum" time="0.000" classname="TestNGPackage.InvocationCountTest"/>
  <testcase name="sum" time="0.001" classname="TestNGPackage.InvocationCountTest"/>
  <testcase name="sum" time="0.001" classname="TestNGPackage.InvocationCountTest"/>
  <testcase name="sum" time="0.002" classname="TestNGPackage.InvocationCountTest"/>
  <testcase name="sum" time="0.000" classname="TestNGPackage.InvocationCountTest"/>
  <testcase name="sum" time="0.001" classname="TestNGPackage.InvocationCountTest"/>
  <testcase name="sum" time="0.001" classname="TestNGPackage.InvocationCountTest"/>
  <testcase name="sum" time="0.001" classname="TestNGPackage.InvocationCountTest"/>
  <testcase name="sum" time="0.001" classname="TestNGPackage.InvocationCountTest"/>
  <testcase name="sum" time="0.000" classname="TestNGPackage.InvocationCountTest"/>
  <testcase name="sum" time="0.000" classname="TestNGPackage.InvocationCountTest"/>
  <testcase name="sum" time="0.001" classname="TestNGPackage.InvocationCountTest"/>
  <testcase name="sum" time="0.000" classname="TestNGPackage.InvocationCountTest"/>
  <testcase name="sum" time="0.000" classname="TestNGPackage.InvocationCountTest"/>
  <testcase name="sum" time="0.001" classname="TestNGPackage.InvocationCountTest"/>
  <testcase name="sum" time="0.000" classname="TestNGPackage.InvocationCountTest"/>
  <testcase name="sum" time="0.001" classname="TestNGPackage.InvocationCountTest"/>
  <testcase name="sum" time="0.001" classname="TestNGPackage.InvocationCountTest"/>
  <testcase name="sum" time="0.000" classname="TestNGPackage.InvocationCountTest"/>
  <testcase name="sum" time="0.002" classname="TestNGPackage.InvocationCountTest"/>
  <testcase name="sum" time="0.000" classname="TestNGPackage.InvocationCountTest"/>
  <testcase name="sum" time="0.000" classname="TestNGPackage.InvocationCountTest"/>
  <testcase name="sum" time="0.001" classname="TestNGPackage.InvocationCountTest"/>
  <testcase name="sum" time="0.000" classname="TestNGPackage.InvocationCountTest"/>
  <testcase name="sum" time="0.001" classname="TestNGPackage.InvocationCountTest"/>
  <testcase name="sum" time="0.001" classname="TestNGPackage.InvocationCountTest"/>
  <testcase name="sum" time="0.000" classname="TestNGPackage.InvocationCountTest"/>
  <testcase name="sum" time="0.001" classname="TestNGPackage.InvocationCountTest"/>
  <testcase name="sum" time="0.002" classname="TestNGPackage.InvocationCountTest"/>
  <testcase name="sum" time="0.001" classname="TestNGPackage.InvocationCountTest"/>
  <testcase name="sum" time="0.000" classname="TestNGPackage.InvocationCountTest"/>
  <testcase name="sum" time="0.000" classname="TestNGPackage.InvocationCountTest"/>
  <testcase name="sum" time="0.000" classname="TestNGPackage.InvocationCountTest"/>
  <testcase name="sum" time="0.001" classname="TestNGPackage.InvocationCountTest"/>
  <testcase name="sum" time="0.001" classname="TestNGPackage.InvocationCountTest"/>
  <testcase name="sum" time="0.001" classname="TestNGPackage.InvocationCountTest"/>
  <testcase name="sum" time="0.000" classname="TestNGPackage.InvocationCountTest"/>
  <testcase name="sum" time="0.000" classname="TestNGPackage.InvocationCountTest"/>
  <testcase name="sum" time="0.002" classname="TestNGPackage.InvocationCountTest"/>
  <testcase name="sum" time="0.000" classname="TestNGPackage.InvocationCountTest"/>
  <testcase name="sum" time="0.000" classname="TestNGPackage.InvocationCountTest"/>
  <testcase name="sum" time="0.000" classname="TestNGPackage.InvocationCountTest"/>
  <testcase name="sum" time="0.003" classname="TestNGPackage.InvocationCountTest"/>
  <testcase name="sum" time="0.000" classname="TestNGPackage.InvocationCountTest"/>
  <testcase name="sum" time="0.001" classname="TestNGPackage.InvocationCountTest"/>
  <testcase name="sum" time="0.002" classname="TestNGPackage.InvocationCountTest"/>
  <testcase name="sum" time="0.000" classname="TestNGPackage.InvocationCountTest"/>
  <testcase name="sum" time="0.010" classname="TestNGPackage.InvocationCountTest"/>
  <testcase name="sum" time="0.000" classname="TestNGPackage.InvocationCountTest"/>
  <testcase name="sum" time="0.001" classname="TestNGPackage.InvocationCountTest"/>
  <testcase name="sum" time="0.001" classname="TestNGPackage.InvocationCountTest"/>
  <testcase name="sum" time="0.001" classname="TestNGPackage.InvocationCountTest"/>
  <testcase name="sum" time="0.006" classname="TestNGPackage.InvocationCountTest"/>
  <testcase name="sum" time="0.001" classname="TestNGPackage.InvocationCountTest"/>
  <testcase name="sum" time="0.000" classname="TestNGPackage.InvocationCountTest"/>
  <testcase name="sum" time="0.000" classname="TestNGPackage.InvocationCountTest"/>
  <testcase name="sum" time="0.000" classname="TestNGPackage.InvocationCountTest"/>
  <testcase name="sum" time="0.000" classname="TestNGPackage.InvocationCountTest"/>
  <testcase name="sum" time="0.001" classname="TestNGPackage.InvocationCountTest"/>
  <testcase name="sum" time="0.000" classname="TestNGPackage.InvocationCountTest"/>
  <testcase name="sum" time="0.001" classname="TestNGPackage.InvocationCountTest"/>
  <testcase name="sum" time="0.000" classname="TestNGPackage.InvocationCountTest"/>
  <testcase name="sum" time="0.000" classname="TestNGPackage.InvocationCountTest"/>
  <testcase name="sum" time="0.001" classname="TestNGPackage.InvocationCountTest"/>
  <testcase name="sum" time="0.005" classname="TestNGPackage.InvocationCountTest"/>
  <testcase name="sum" time="0.000" classname="TestNGPackage.InvocationCountTest"/>
  <testcase name="sum" time="0.001" classname="TestNGPackage.InvocationCountTest"/>
  <testcase name="sum" time="0.021" classname="TestNGPackage.InvocationCountTest"/>
  <testcase name="sum" time="0.000" classname="TestNGPackage.InvocationCountTest"/>
  <testcase name="sum" time="0.001" classname="TestNGPackage.InvocationCountTest"/>
  <testcase name="sum" time="0.000" classname="TestNGPackage.InvocationCountTest"/>
  <testcase name="sum" time="0.001" classname="TestNGPackage.InvocationCountTest"/>
  <testcase name="sum" time="0.000" classname="TestNGPackage.InvocationCountTest"/>
  <testcase name="sum" time="0.000" classname="TestNGPackage.InvocationCountTest"/>
  <testcase name="sum" time="0.000" classname="TestNGPackage.InvocationCountTest"/>
  <testcase name="sum" time="0.001" classname="TestNGPackage.InvocationCountTest"/>
  <testcase name="sum" time="0.000" classname="TestNGPackage.InvocationCountTest"/>
  <testcase name="sum" time="0.001" classname="TestNGPackage.InvocationCountTest"/>
  <testcase name="sum" time="0.000" classname="TestNGPackage.InvocationCountTest"/>
  <testcase name="sum" time="0.002" classname="TestNGPackage.InvocationCountTest"/>
  <testcase name="sum" time="0.001" classname="TestNGPackage.InvocationCountTest"/>
  <testcase name="sum" time="0.000" classname="TestNGPackage.InvocationCountTest"/>
  <testcase name="sum" time="0.000" classname="TestNGPackage.InvocationCountTest"/>
  <testcase name="sum" time="0.000" classname="TestNGPackage.InvocationCountTest"/>
  <testcase name="sum" time="0.000" classname="TestNGPackage.InvocationCountTest"/>
  <testcase name="sum" time="0.001" classname="TestNGPackage.InvocationCountTest"/>
  <testcase name="sum" time="0.001" classname="TestNGPackage.InvocationCountTest"/>
  <testcase name="sum" time="0.000" classname="TestNGPackage.InvocationCountTest"/>
  <testcase name="sum" time="0.000" classname="TestNGPackage.InvocationCountTest"/>
  <testcase name="sum" time="0.006" classname="TestNGPackage.InvocationCountTest"/>
  <testcase name="sum" time="0.001" classname="TestNGPackage.InvocationCountTest"/>
  <testcase name="sum" time="0.000" classname="TestNGPackage.InvocationCountTest"/>
  <testcase name="sum" time="0.000" classname="TestNGPackage.InvocationCountTest"/>
  <testcase name="sum" time="0.002" classname="TestNGPackage.InvocationCountTest"/>
  <testcase name="sum" time="0.000" classname="TestNGPackage.InvocationCountTest"/>
  <testcase name="sum" time="0.001" classname="TestNGPackage.InvocationCountTest"/>
  <testcase name="sum" time="0.000" classname="TestNGPackage.InvocationCountTest"/>
  <testcase name="sum" time="0.001" classname="TestNGPackage.InvocationCountTest"/>
  <testcase name="sum" time="0.000" classname="TestNGPackage.InvocationCountTest"/>
  <testcase name="sum" time="0.001" classname="TestNGPackage.InvocationCountTest"/>
  <testcase name="sum" time="0.001" classname="TestNGPackage.InvocationCountTest"/>
  <testcase name="sum" time="0.000" classname="TestNGPackage.InvocationCountTest"/>
  <testcase name="sum" time="0.000" classname="TestNGPackage.InvocationCountTest"/>
  <testcase name="sum" time="0.001" classname="TestNGPackage.InvocationCountTest"/>
  <testcase name="sum" time="0.001" classname="TestNGPackage.InvocationCountTest"/>
  <testcase name="sum" time="0.000" classname="TestNGPackage.InvocationCountTest"/>
  <testcase name="sum" time="0.000" classname="TestNGPackage.InvocationCountTest"/>
  <testcase name="sum" time="0.001" classname="TestNGPackage.InvocationCountTest"/>
  <testcase name="sum" time="0.000" classname="TestNGPackage.InvocationCountTest"/>
  <testcase name="sum" time="0.001" classname="TestNGPackage.InvocationCountTest"/>
  <testcase name="sum" time="0.001" classname="TestNGPackage.InvocationCountTest"/>
  <testcase name="sum" time="0.014" classname="TestNGPackage.InvocationCountTest"/>
  <testcase name="sum" time="0.000" classname="TestNGPackage.InvocationCountTest"/>
  <testcase name="sum" time="0.002" classname="TestNGPackage.InvocationCountTest"/>
  <testcase name="sum" time="0.000" classname="TestNGPackage.InvocationCountTest"/>
  <testcase name="sum" time="0.001" classname="TestNGPackage.InvocationCountTest"/>
  <testcase name="sum" time="0.001" classname="TestNGPackage.InvocationCountTest"/>
  <testcase name="sum" time="0.000" classname="TestNGPackage.InvocationCountTest"/>
  <testcase name="sum" time="0.002" classname="TestNGPackage.InvocationCountTest"/>
  <testcase name="sum" time="0.001" classname="TestNGPackage.InvocationCountTest"/>
  <testcase name="sum" time="0.001" classname="TestNGPackage.InvocationCountTest"/>
  <testcase name="sum" time="0.000" classname="TestNGPackage.InvocationCountTest"/>
  <testcase name="sum" time="0.000" classname="TestNGPackage.InvocationCountTest"/>
  <testcase name="sum" time="0.000" classname="TestNGPackage.InvocationCountTest"/>
  <testcase name="sum" time="0.001" classname="TestNGPackage.InvocationCountTest"/>
  <testcase name="sum" time="0.000" classname="TestNGPackage.InvocationCountTest"/>
  <testcase name="sum" time="0.000" classname="TestNGPackage.InvocationCountTest"/>
  <testcase name="sum" time="0.000" classname="TestNGPackage.InvocationCountTest"/>
  <testcase name="sum" time="0.001" classname="TestNGPackage.InvocationCountTest"/>
  <testcase name="sum" time="0.001" classname="TestNGPackage.InvocationCountTest"/>
  <testcase name="sum" time="0.001" classname="TestNGPackage.InvocationCountTest"/>
  <testcase name="sum" time="0.000" classname="TestNGPackage.InvocationCountTest"/>
  <testcase name="sum" time="0.000" classname="TestNGPackage.InvocationCountTest"/>
  <testcase name="sum" time="0.001" classname="TestNGPackage.InvocationCountTest"/>
  <testcase name="sum" time="0.001" classname="TestNGPackage.InvocationCountTest"/>
  <testcase name="sum" time="0.000" classname="TestNGPackage.InvocationCountTest"/>
  <testcase name="sum" time="0.001" classname="TestNGPackage.InvocationCountTest"/>
  <testcase name="sum" time="0.000" classname="TestNGPackage.InvocationCountTest"/>
  <testcase name="sum" time="0.001" classname="TestNGPackage.InvocationCountTest"/>
  <testcase name="sum" time="0.000" classname="TestNGPackage.InvocationCountTest"/>
  <testcase name="sum" time="0.001" classname="TestNGPackage.InvocationCountTest"/>
  <testcase name="sum" time="0.002" classname="TestNGPackage.InvocationCountTest"/>
  <testcase name="sum" time="0.000" classname="TestNGPackage.InvocationCountTest"/>
  <testcase name="sum" time="0.001" classname="TestNGPackage.InvocationCountTest"/>
  <testcase name="sum" time="0.001" classname="TestNGPackage.InvocationCountTest"/>
  <testcase name="sum" time="0.001" classname="TestNGPackage.InvocationCountTest"/>
  <testcase name="sum" time="0.002" classname="TestNGPackage.InvocationCountTest"/>
  <testcase name="sum" time="0.002" classname="TestNGPackage.InvocationCountTest"/>
  <testcase name="sum" time="0.001" classname="TestNGPackage.InvocationCountTest"/>
  <testcase name="sum" time="0.001" classname="TestNGPackage.InvocationCountTest"/>
  <testcase name="sum" time="0.001" classname="TestNGPackage.InvocationCountTest"/>
  <testcase name="sum" time="0.000" classname="TestNGPackage.InvocationCountTest"/>
  <testcase name="sum" time="0.000" classname="TestNGPackage.InvocationCountTest"/>
  <testcase name="sum" time="0.000" classname="TestNGPackage.InvocationCountTest"/>
  <testcase name="sum" time="0.001" classname="TestNGPackage.InvocationCountTest"/>
  <testcase name="sum" time="0.000" classname="TestNGPackage.InvocationCountTest"/>
  <testcase name="sum" time="0.003" classname="TestNGPackage.InvocationCountTest"/>
  <testcase name="sum" time="0.003" classname="TestNGPackage.InvocationCountTest"/>
  <testcase name="sum" time="0.002" classname="TestNGPackage.InvocationCountTest"/>
  <testcase name="sum" time="0.001" classname="TestNGPackage.InvocationCountTest"/>
  <testcase name="sum" time="0.000" classname="TestNGPackage.InvocationCountTest"/>
  <testcase name="sum" time="0.000" classname="TestNGPackage.InvocationCountTest"/>
  <testcase name="sum" time="0.002" classname="TestNGPackage.InvocationCountTest"/>
  <testcase name="sum" time="0.000" classname="TestNGPackage.InvocationCountTest"/>
  <testcase name="sum" time="0.002" classname="TestNGPackage.InvocationCountTest"/>
  <testcase name="sum" time="0.001" classname="TestNGPackage.InvocationCountTest"/>
  <testcase name="sum" time="0.001" classname="TestNGPackage.InvocationCountTest"/>
  <testcase name="sum" time="0.001" classname="TestNGPackage.InvocationCountTest"/>
  <testcase name="sum" time="0.001" classname="TestNGPackage.InvocationCountTest"/>
  <testcase name="sum" time="0.001" classname="TestNGPackage.InvocationCountTest"/>
  <testcase name="sum" time="0.000" classname="TestNGPackage.InvocationCountTest"/>
  <testcase name="sum" time="0.000" classname="TestNGPackage.InvocationCountTest"/>
  <testcase name="sum" time="0.001" classname="TestNGPackage.InvocationCountTest"/>
  <testcase name="sum" time="0.000" classname="TestNGPackage.InvocationCountTest"/>
  <testcase name="sum" time="0.001" classname="TestNGPackage.InvocationCountTest"/>
  <testcase name="sum" time="0.000" classname="TestNGPackage.InvocationCountTest"/>
  <testcase name="sum" time="0.001" classname="TestNGPackage.InvocationCountTest"/>
  <testcase name="sum" time="0.000" classname="TestNGPackage.InvocationCountTest"/>
  <testcase name="sum" time="0.000" classname="TestNGPackage.InvocationCountTest"/>
  <testcase name="sum" time="0.001" classname="TestNGPackage.InvocationCountTest"/>
  <testcase name="sum" time="0.001" classname="TestNGPackage.InvocationCountTest"/>
  <testcase name="sum" time="0.002" classname="TestNGPackage.InvocationCountTest"/>
  <testcase name="sum" time="0.000" classname="TestNGPackage.InvocationCountTest"/>
  <testcase name="sum" time="0.000" classname="TestNGPackage.InvocationCountTest"/>
  <testcase name="sum" time="0.001" classname="TestNGPackage.InvocationCountTest"/>
  <testcase name="sum" time="0.001" classname="TestNGPackage.InvocationCountTest"/>
  <testcase name="sum" time="0.001" classname="TestNGPackage.InvocationCountTest"/>
  <testcase name="sum" time="0.001" classname="TestNGPackage.InvocationCountTest"/>
  <testcase name="sum" time="0.006" classname="TestNGPackage.InvocationCountTest"/>
  <testcase name="sum" time="0.001" classname="TestNGPackage.InvocationCountTest"/>
  <testcase name="sum" time="0.000" classname="TestNGPackage.InvocationCountTest"/>
  <testcase name="sum" time="0.001" classname="TestNGPackage.InvocationCountTest"/>
  <testcase name="sum" time="0.002" classname="TestNGPackage.InvocationCountTest"/>
  <testcase name="sum" time="0.001" classname="TestNGPackage.InvocationCountTest"/>
  <testcase name="sum" time="0.000" classname="TestNGPackage.InvocationCountTest"/>
  <testcase name="sum" time="0.000" classname="TestNGPackage.InvocationCountTest"/>
  <testcase name="sum" time="0.002" classname="TestNGPackage.InvocationCountTest"/>
  <testcase name="sum" time="0.000" classname="TestNGPackage.InvocationCountTest"/>
  <testcase name="sum" time="0.001" classname="TestNGPackage.InvocationCountTest"/>
  <testcase name="sum" time="0.000" classname="TestNGPackage.InvocationCountTest"/>
  <testcase name="sum" time="0.000" classname="TestNGPackage.InvocationCountTest"/>
  <testcase name="sum" time="0.001" classname="TestNGPackage.InvocationCountTest"/>
  <testcase name="sum" time="0.001" classname="TestNGPackage.InvocationCountTest"/>
  <testcase name="sum" time="0.001" classname="TestNGPackage.InvocationCountTest"/>
  <testcase name="sum" time="0.001" classname="TestNGPackage.InvocationCountTest"/>
  <testcase name="sum" time="0.001" classname="TestNGPackage.InvocationCountTest"/>
  <testcase name="sum" time="0.000" classname="TestNGPackage.InvocationCountTest"/>
  <testcase name="sum" time="0.001" classname="TestNGPackage.InvocationCountTest"/>
  <testcase name="sum" time="0.000" classname="TestNGPackage.InvocationCountTest"/>
  <testcase name="sum" time="0.001" classname="TestNGPackage.InvocationCountTest"/>
  <testcase name="sum" time="0.000" classname="TestNGPackage.InvocationCountTest"/>
  <testcase name="sum" time="0.000" classname="TestNGPackage.InvocationCountTest"/>
  <testcase name="sum" time="0.003" classname="TestNGPackage.InvocationCountTest"/>
  <testcase name="sum" time="0.001" classname="TestNGPackage.InvocationCountTest"/>
  <testcase name="sum" time="0.000" classname="TestNGPackage.InvocationCountTest"/>
  <testcase name="sum" time="0.001" classname="TestNGPackage.InvocationCountTest"/>
  <testcase name="sum" time="0.001" classname="TestNGPackage.InvocationCountTest"/>
  <testcase name="sum" time="0.001" classname="TestNGPackage.InvocationCountTest"/>
  <testcase name="sum" time="0.001" classname="TestNGPackage.InvocationCountTest"/>
  <testcase name="sum" time="0.001" classname="TestNGPackage.InvocationCountTest"/>
  <testcase name="sum" time="0.001" classname="TestNGPackage.InvocationCountTest"/>
  <testcase name="sum" time="0.001" classname="TestNGPackage.InvocationCountTest"/>
  <testcase name="sum" time="0.001" classname="TestNGPackage.InvocationCountTest"/>
  <testcase name="sum" time="0.000" classname="TestNGPackage.InvocationCountTest"/>
  <testcase name="sum" time="0.001" classname="TestNGPackage.InvocationCountTest"/>
  <testcase name="sum" time="0.000" classname="TestNGPackage.InvocationCountTest"/>
  <testcase name="sum" time="0.000" classname="TestNGPackage.InvocationCountTest"/>
  <testcase name="sum" time="0.000" classname="TestNGPackage.InvocationCountTest"/>
  <testcase name="sum" time="0.000" classname="TestNGPackage.InvocationCountTest"/>
  <testcase name="sum" time="0.001" classname="TestNGPackage.InvocationCountTest"/>
  <testcase name="sum" time="0.001" classname="TestNGPackage.InvocationCountTest"/>
  <testcase name="sum" time="0.006" classname="TestNGPackage.InvocationCountTest"/>
  <testcase name="sum" time="0.001" classname="TestNGPackage.InvocationCountTest"/>
  <testcase name="sum" time="0.001" classname="TestNGPackage.InvocationCountTest"/>
  <testcase name="sum" time="0.001" classname="TestNGPackage.InvocationCountTest"/>
  <testcase name="sum" time="0.001" classname="TestNGPackage.InvocationCountTest"/>
  <testcase name="sum" time="0.002" classname="TestNGPackage.InvocationCountTest"/>
  <testcase name="sum" time="0.000" classname="TestNGPackage.InvocationCountTest"/>
  <testcase name="sum" time="0.002" classname="TestNGPackage.InvocationCountTest"/>
  <testcase name="sum" time="0.000" classname="TestNGPackage.InvocationCountTest"/>
  <testcase name="sum" time="0.000" classname="TestNGPackage.InvocationCountTest"/>
  <testcase name="sum" time="0.000" classname="TestNGPackage.InvocationCountTest"/>
  <testcase name="sum" time="0.002" classname="TestNGPackage.InvocationCountTest"/>
  <testcase name="sum" time="0.001" classname="TestNGPackage.InvocationCountTest"/>
  <testcase name="sum" time="0.001" classname="TestNGPackage.InvocationCountTest"/>
  <testcase name="sum" time="0.000" classname="TestNGPackage.InvocationCountTest"/>
  <testcase name="sum" time="0.000" classname="TestNGPackage.InvocationCountTest"/>
  <testcase name="sum" time="0.001" classname="TestNGPackage.InvocationCountTest"/>
  <testcase name="sum" time="0.000" classname="TestNGPackage.InvocationCountTest"/>
  <testcase name="sum" time="0.000" classname="TestNGPackage.InvocationCountTest"/>
  <testcase name="sum" time="0.002" classname="TestNGPackage.InvocationCountTest"/>
  <testcase name="sum" time="0.000" classname="TestNGPackage.InvocationCountTest"/>
  <testcase name="sum" time="0.001" classname="TestNGPackage.InvocationCountTest"/>
  <testcase name="sum" time="0.000" classname="TestNGPackage.InvocationCountTest"/>
  <testcase name="sum" time="0.001" classname="TestNGPackage.InvocationCountTest"/>
  <testcase name="sum" time="0.000" classname="TestNGPackage.InvocationCountTest"/>
  <testcase name="sum" time="0.001" classname="TestNGPackage.InvocationCountTest"/>
  <testcase name="sum" time="0.000" classname="TestNGPackage.InvocationCountTest"/>
  <testcase name="sum" time="0.002" classname="TestNGPackage.InvocationCountTest"/>
  <testcase name="sum" time="0.000" classname="TestNGPackage.InvocationCountTest"/>
  <testcase name="sum" time="0.000" classname="TestNGPackage.InvocationCountTest"/>
  <testcase name="sum" time="0.001" classname="TestNGPackage.InvocationCountTest"/>
  <testcase name="sum" time="0.001" classname="TestNGPackage.InvocationCountTest"/>
  <testcase name="sum" time="0.000" classname="TestNGPackage.InvocationCountTest"/>
  <testcase name="sum" time="0.001" classname="TestNGPackage.InvocationCountTest"/>
  <testcase name="sum" time="0.001" classname="TestNGPackage.InvocationCountTest"/>
  <testcase name="sum" time="0.000" classname="TestNGPackage.InvocationCountTest"/>
  <testcase name="sum" time="0.001" classname="TestNGPackage.InvocationCountTest"/>
  <testcase name="sum" time="0.001" classname="TestNGPackage.InvocationCountTest"/>
  <testcase name="sum" time="0.000" classname="TestNGPackage.InvocationCountTest"/>
  <testcase name="sum" time="0.000" classname="TestNGPackage.InvocationCountTest"/>
  <testcase name="sum" time="0.000" classname="TestNGPackage.InvocationCountTest"/>
  <testcase name="sum" time="0.001" classname="TestNGPackage.InvocationCountTest"/>
  <testcase name="sum" time="0.001" classname="TestNGPackage.InvocationCountTest"/>
  <testcase name="sum" time="0.001" classname="TestNGPackage.InvocationCountTest"/>
  <testcase name="sum" time="0.003" classname="TestNGPackage.InvocationCountTest"/>
  <testcase name="sum" time="0.000" classname="TestNGPackage.InvocationCountTest"/>
  <testcase name="sum" time="0.001" classname="TestNGPackage.InvocationCountTest"/>
  <testcase name="sum" time="0.001" classname="TestNGPackage.InvocationCountTest"/>
  <testcase name="sum" time="0.000" classname="TestNGPackage.InvocationCountTest"/>
  <testcase name="sum" time="0.000" classname="TestNGPackage.InvocationCountTest"/>
  <testcase name="sum" time="0.007" classname="TestNGPackage.InvocationCountTest"/>
  <testcase name="sum" time="0.000" classname="TestNGPackage.InvocationCountTest"/>
  <testcase name="sum" time="0.000" classname="TestNGPackage.InvocationCountTest"/>
  <testcase name="sum" time="0.000" classname="TestNGPackage.InvocationCountTest"/>
  <testcase name="sum" time="0.001" classname="TestNGPackage.InvocationCountTest"/>
  <testcase name="sum" time="0.001" classname="TestNGPackage.InvocationCountTest"/>
  <testcase name="sum" time="0.001" classname="TestNGPackage.InvocationCountTest"/>
  <testcase name="sum" time="0.001" classname="TestNGPackage.InvocationCountTest"/>
  <testcase name="sum" time="0.000" classname="TestNGPackage.InvocationCountTest"/>
  <testcase name="sum" time="0.001" classname="TestNGPackage.InvocationCountTest"/>
  <testcase name="sum" time="0.001" classname="TestNGPackage.InvocationCountTest"/>
  <testcase name="sum" time="0.000" classname="TestNGPackage.InvocationCountTest"/>
  <testcase name="sum" time="0.000" classname="TestNGPackage.InvocationCountTest"/>
  <testcase name="sum" time="0.003" classname="TestNGPackage.InvocationCountTest"/>
  <testcase name="sum" time="0.001" classname="TestNGPackage.InvocationCountTest"/>
  <testcase name="sum" time="0.000" classname="TestNGPackage.InvocationCountTest"/>
  <testcase name="sum" time="0.001" classname="TestNGPackage.InvocationCountTest"/>
  <testcase name="sum" time="0.000" classname="TestNGPackage.InvocationCountTest"/>
  <testcase name="sum" time="0.000" classname="TestNGPackage.InvocationCountTest"/>
  <testcase name="sum" time="0.001" classname="TestNGPackage.InvocationCountTest"/>
  <testcase name="sum" time="0.001" classname="TestNGPackage.InvocationCountTest"/>
  <testcase name="sum" time="0.001" classname="TestNGPackage.InvocationCountTest"/>
  <testcase name="sum" time="0.001" classname="TestNGPackage.InvocationCountTest"/>
  <testcase name="sum" time="0.001" classname="TestNGPackage.InvocationCountTest"/>
  <testcase name="sum" time="0.001" classname="TestNGPackage.InvocationCountTest"/>
  <testcase name="sum" time="0.001" classname="TestNGPackage.InvocationCountTest"/>
  <testcase name="sum" time="0.000" classname="TestNGPackage.InvocationCountTest"/>
  <testcase name="sum" time="0.001" classname="TestNGPackage.InvocationCountTest"/>
  <testcase name="sum" time="0.001" classname="TestNGPackage.InvocationCountTest"/>
  <testcase name="sum" time="0.001" classname="TestNGPackage.InvocationCountTest"/>
  <testcase name="sum" time="0.000" classname="TestNGPackage.InvocationCountTest"/>
  <testcase name="sum" time="0.001" classname="TestNGPackage.InvocationCountTest"/>
  <testcase name="sum" time="0.000" classname="TestNGPackage.InvocationCountTest"/>
  <testcase name="sum" time="0.000" classname="TestNGPackage.InvocationCountTest"/>
  <testcase name="sum" time="0.001" classname="TestNGPackage.InvocationCountTest"/>
  <testcase name="sum" time="0.001" classname="TestNGPackage.InvocationCountTest"/>
  <testcase name="sum" time="0.001" classname="TestNGPackage.InvocationCountTest"/>
  <testcase name="sum" time="0.002" classname="TestNGPackage.InvocationCountTest"/>
  <testcase name="sum" time="0.000" classname="TestNGPackage.InvocationCountTest"/>
  <testcase name="sum" time="0.000" classname="TestNGPackage.InvocationCountTest"/>
  <testcase name="sum" time="0.001" classname="TestNGPackage.InvocationCountTest"/>
  <testcase name="sum" time="0.000" classname="TestNGPackage.InvocationCountTest"/>
  <testcase name="sum" time="0.001" classname="TestNGPackage.InvocationCountTest"/>
  <testcase name="sum" time="0.000" classname="TestNGPackage.InvocationCountTest"/>
  <testcase name="sum" time="0.001" classname="TestNGPackage.InvocationCountTest"/>
  <testcase name="sum" time="0.000" classname="TestNGPackage.InvocationCountTest"/>
  <testcase name="sum" time="0.001" classname="TestNGPackage.InvocationCountTest"/>
  <testcase name="sum" time="0.000" classname="TestNGPackage.InvocationCountTest"/>
  <testcase name="sum" time="0.001" classname="TestNGPackage.InvocationCountTest"/>
  <testcase name="sum" time="0.000" classname="TestNGPackage.InvocationCountTest"/>
  <testcase name="sum" time="0.001" classname="TestNGPackage.InvocationCountTest"/>
  <testcase name="sum" time="0.000" classname="TestNGPackage.InvocationCountTest"/>
  <testcase name="sum" time="0.000" classname="TestNGPackage.InvocationCountTest"/>
  <testcase name="sum" time="0.003" classname="TestNGPackage.InvocationCountTest"/>
  <testcase name="sum" time="0.001" classname="TestNGPackage.InvocationCountTest"/>
  <testcase name="sum" time="0.001" classname="TestNGPackage.InvocationCountTest"/>
  <testcase name="sum" time="0.001" classname="TestNGPackage.InvocationCountTest"/>
  <testcase name="sum" time="0.001" classname="TestNGPackage.InvocationCountTest"/>
  <testcase name="sum" time="0.000" classname="TestNGPackage.InvocationCountTest"/>
  <testcase name="sum" time="0.003" classname="TestNGPackage.InvocationCountTest"/>
  <testcase name="sum" time="0.003" classname="TestNGPackage.InvocationCountTest"/>
  <testcase name="sum" time="0.000" classname="TestNGPackage.InvocationCountTest"/>
  <testcase name="sum" time="0.002" classname="TestNGPackage.InvocationCountTest"/>
  <testcase name="sum" time="0.001" classname="TestNGPackage.InvocationCountTest"/>
  <testcase name="sum" time="0.000" classname="TestNGPackage.InvocationCountTest"/>
  <testcase name="sum" time="0.001" classname="TestNGPackage.InvocationCountTest"/>
  <testcase name="sum" time="0.000" classname="TestNGPackage.InvocationCountTest"/>
  <testcase name="sum" time="0.000" classname="TestNGPackage.InvocationCountTest"/>
  <testcase name="sum" time="0.001" classname="TestNGPackage.InvocationCountTest"/>
  <testcase name="sum" time="0.000" classname="TestNGPackage.InvocationCountTest"/>
  <testcase name="sum" time="0.001" classname="TestNGPackage.InvocationCountTest"/>
  <testcase name="sum" time="0.000" classname="TestNGPackage.InvocationCountTest"/>
  <testcase name="sum" time="0.000" classname="TestNGPackage.InvocationCountTest"/>
  <testcase name="sum" time="0.000" classname="TestNGPackage.InvocationCountTest"/>
  <testcase name="sum" time="0.000" classname="TestNGPackage.InvocationCountTest"/>
  <testcase name="sum" time="0.001" classname="TestNGPackage.InvocationCountTest"/>
  <testcase name="sum" time="0.005" classname="TestNGPackage.InvocationCountTest"/>
  <testcase name="sum" time="0.001" classname="TestNGPackage.InvocationCountTest"/>
  <testcase name="sum" time="0.001" classname="TestNGPackage.InvocationCountTest"/>
  <testcase name="sum" time="0.001" classname="TestNGPackage.InvocationCountTest"/>
  <testcase name="sum" time="0.001" classname="TestNGPackage.InvocationCountTest"/>
  <testcase name="sum" time="0.001" classname="TestNGPackage.InvocationCountTest"/>
  <testcase name="sum" time="0.001" classname="TestNGPackage.InvocationCountTest"/>
  <testcase name="sum" time="0.001" classname="TestNGPackage.InvocationCountTest"/>
  <testcase name="sum" time="0.000" classname="TestNGPackage.InvocationCountTest"/>
  <testcase name="sum" time="0.000" classname="TestNGPackage.InvocationCountTest"/>
  <testcase name="sum" time="0.001" classname="TestNGPackage.InvocationCountTest"/>
  <testcase name="sum" time="0.001" classname="TestNGPackage.InvocationCountTest"/>
  <testcase name="sum" time="0.002" classname="TestNGPackage.InvocationCountTest"/>
  <testcase name="sum" time="0.001" classname="TestNGPackage.InvocationCountTest"/>
  <testcase name="sum" time="0.001" classname="TestNGPackage.InvocationCountTest"/>
  <testcase name="sum" time="0.001" classname="TestNGPackage.InvocationCountTest"/>
  <testcase name="sum" time="0.001" classname="TestNGPackage.InvocationCountTest"/>
  <testcase name="sum" time="0.001" classname="TestNGPackage.InvocationCountTest"/>
  <testcase name="sum" time="0.001" classname="TestNGPackage.InvocationCountTest"/>
  <testcase name="sum" time="0.002" classname="TestNGPackage.InvocationCountTest"/>
  <testcase name="sum" time="0.002" classname="TestNGPackage.InvocationCountTest"/>
  <testcase name="sum" time="0.000" classname="TestNGPackage.InvocationCountTest"/>
  <testcase name="sum" time="0.000" classname="TestNGPackage.InvocationCountTest"/>
  <testcase name="sum" time="0.001" classname="TestNGPackage.InvocationCountTest"/>
  <testcase name="sum" time="0.000" classname="TestNGPackage.InvocationCountTest"/>
  <testcase name="sum" time="0.001" classname="TestNGPackage.InvocationCountTest"/>
  <testcase name="sum" time="0.000" classname="TestNGPackage.InvocationCountTest"/>
  <testcase name="sum" time="0.000" classname="TestNGPackage.InvocationCountTest"/>
  <testcase name="sum" time="0.000" classname="TestNGPackage.InvocationCountTest"/>
  <testcase name="sum" time="0.000" classname="TestNGPackage.InvocationCountTest"/>
  <testcase name="sum" time="0.000" classname="TestNGPackage.InvocationCountTest"/>
  <testcase name="sum" time="0.002" classname="TestNGPackage.InvocationCountTest"/>
  <testcase name="sum" time="0.002" classname="TestNGPackage.InvocationCountTest"/>
  <testcase name="sum" time="0.000" classname="TestNGPackage.InvocationCountTest"/>
  <testcase name="sum" time="0.010" classname="TestNGPackage.InvocationCountTest"/>
  <testcase name="sum" time="0.001" classname="TestNGPackage.InvocationCountTest"/>
  <testcase name="sum" time="0.000" classname="TestNGPackage.InvocationCountTest"/>
  <testcase name="sum" time="0.000" classname="TestNGPackage.InvocationCountTest"/>
  <testcase name="sum" time="0.000" classname="TestNGPackage.InvocationCountTest"/>
  <testcase name="sum" time="0.001" classname="TestNGPackage.InvocationCountTest"/>
  <testcase name="sum" time="0.001" classname="TestNGPackage.InvocationCountTest"/>
  <testcase name="sum" time="0.001" classname="TestNGPackage.InvocationCountTest"/>
  <testcase name="sum" time="0.001" classname="TestNGPackage.InvocationCountTest"/>
  <testcase name="sum" time="0.090" classname="TestNGPackage.InvocationCountTest"/>
  <testcase name="sum" time="0.001" classname="TestNGPackage.InvocationCountTest"/>
  <testcase name="sum" time="0.000" classname="TestNGPackage.InvocationCountTest"/>
  <testcase name="sum" time="0.001" classname="TestNGPackage.InvocationCountTest"/>
  <testcase name="sum" time="0.000" classname="TestNGPackage.InvocationCountTest"/>
  <testcase name="sum" time="0.001" classname="TestNGPackage.InvocationCountTest"/>
  <testcase name="sum" time="0.001" classname="TestNGPackage.InvocationCountTest"/>
  <testcase name="sum" time="0.001" classname="TestNGPackage.InvocationCountTest"/>
  <testcase name="sum" time="0.000" classname="TestNGPackage.InvocationCountTest"/>
  <testcase name="sum" time="0.000" classname="TestNGPackage.InvocationCountTest"/>
  <testcase name="sum" time="0.001" classname="TestNGPackage.InvocationCountTest"/>
  <testcase name="sum" time="0.000" classname="TestNGPackage.InvocationCountTest"/>
  <testcase name="sum" time="0.003" classname="TestNGPackage.InvocationCountTest"/>
  <testcase name="sum" time="0.001" classname="TestNGPackage.InvocationCountTest"/>
  <testcase name="sum" time="0.002" classname="TestNGPackage.InvocationCountTest"/>
  <testcase name="sum" time="0.000" classname="TestNGPackage.InvocationCountTest"/>
  <testcase name="sum" time="0.000" classname="TestNGPackage.InvocationCountTest"/>
  <testcase name="sum" time="0.003" classname="TestNGPackage.InvocationCountTest"/>
  <testcase name="sum" time="0.000" classname="TestNGPackage.InvocationCountTest"/>
  <testcase name="sum" time="0.000" classname="TestNGPackage.InvocationCountTest"/>
  <testcase name="sum" time="0.000" classname="TestNGPackage.InvocationCountTest"/>
  <testcase name="sum" time="0.000" classname="TestNGPackage.InvocationCountTest"/>
  <testcase name="sum" time="0.001" classname="TestNGPackage.InvocationCountTest"/>
  <testcase name="sum" time="0.000" classname="TestNGPackage.InvocationCountTest"/>
  <testcase name="sum" time="0.001" classname="TestNGPackage.InvocationCountTest"/>
  <testcase name="sum" time="0.001" classname="TestNGPackage.InvocationCountTest"/>
  <testcase name="sum" time="0.000" classname="TestNGPackage.InvocationCountTest"/>
  <testcase name="sum" time="0.000" classname="TestNGPackage.InvocationCountTest"/>
  <testcase name="sum" time="0.001" classname="TestNGPackage.InvocationCountTest"/>
  <testcase name="sum" time="0.001" classname="TestNGPackage.InvocationCountTest"/>
  <testcase name="sum" time="0.000" classname="TestNGPackage.InvocationCountTest"/>
  <testcase name="sum" time="0.000" classname="TestNGPackage.InvocationCountTest"/>
  <testcase name="sum" time="0.000" classname="TestNGPackage.InvocationCountTest"/>
  <testcase name="sum" time="0.000" classname="TestNGPackage.InvocationCountTest"/>
  <testcase name="sum" time="0.007" classname="TestNGPackage.InvocationCountTest"/>
  <testcase name="sum" time="0.000" classname="TestNGPackage.InvocationCountTest"/>
  <testcase name="sum" time="0.000" classname="TestNGPackage.InvocationCountTest"/>
  <testcase name="sum" time="0.002" classname="TestNGPackage.InvocationCountTest"/>
  <testcase name="sum" time="0.001" classname="TestNGPackage.InvocationCountTest"/>
  <testcase name="sum" time="0.002" classname="TestNGPackage.InvocationCountTest"/>
  <testcase name="sum" time="0.001" classname="TestNGPackage.InvocationCountTest"/>
  <testcase name="sum" time="0.000" classname="TestNGPackage.InvocationCountTest"/>
  <testcase name="sum" time="0.001" classname="TestNGPackage.InvocationCountTest"/>
  <testcase name="sum" time="0.000" classname="TestNGPackage.InvocationCountTest"/>
  <testcase name="sum" time="0.000" classname="TestNGPackage.InvocationCountTest"/>
  <testcase name="sum" time="0.002" classname="TestNGPackage.InvocationCountTest"/>
  <testcase name="sum" time="0.008" classname="TestNGPackage.InvocationCountTest"/>
  <testcase name="sum" time="0.000" classname="TestNGPackage.InvocationCountTest"/>
  <testcase name="sum" time="0.001" classname="TestNGPackage.InvocationCountTest"/>
  <testcase name="sum" time="0.001" classname="TestNGPackage.InvocationCountTest"/>
  <testcase name="sum" time="0.000" classname="TestNGPackage.InvocationCountTest"/>
  <testcase name="sum" time="0.000" classname="TestNGPackage.InvocationCountTest"/>
  <testcase name="sum" time="0.001" classname="TestNGPackage.InvocationCountTest"/>
  <testcase name="sum" time="0.000" classname="TestNGPackage.InvocationCountTest"/>
  <testcase name="sum" time="0.003" classname="TestNGPackage.InvocationCountTest"/>
  <testcase name="sum" time="0.001" classname="TestNGPackage.InvocationCountTest"/>
  <testcase name="sum" time="0.010" classname="TestNGPackage.InvocationCountTest"/>
  <testcase name="sum" time="0.001" classname="TestNGPackage.InvocationCountTest"/>
  <testcase name="sum" time="0.001" classname="TestNGPackage.InvocationCountTest"/>
  <testcase name="sum" time="0.001" classname="TestNGPackage.InvocationCountTest"/>
  <testcase name="sum" time="0.001" classname="TestNGPackage.InvocationCountTest"/>
  <testcase name="sum" time="0.001" classname="TestNGPackage.InvocationCountTest"/>
  <testcase name="sum" time="0.054" classname="TestNGPackage.InvocationCountTest"/>
  <testcase name="sum" time="0.001" classname="TestNGPackage.InvocationCountTest"/>
  <testcase name="sum" time="0.000" classname="TestNGPackage.InvocationCountTest"/>
  <testcase name="sum" time="0.000" classname="TestNGPackage.InvocationCountTest"/>
  <testcase name="sum" time="0.001" classname="TestNGPackage.InvocationCountTest"/>
  <testcase name="sum" time="0.000" classname="TestNGPackage.InvocationCountTest"/>
  <testcase name="sum" time="0.001" classname="TestNGPackage.InvocationCountTest"/>
  <testcase name="sum" time="0.001" classname="TestNGPackage.InvocationCountTest"/>
  <testcase name="sum" time="0.000" classname="TestNGPackage.InvocationCountTest"/>
  <testcase name="sum" time="0.000" classname="TestNGPackage.InvocationCountTest"/>
  <testcase name="sum" time="0.001" classname="TestNGPackage.InvocationCountTest"/>
  <testcase name="sum" time="0.001" classname="TestNGPackage.InvocationCountTest"/>
  <testcase name="sum" time="0.000" classname="TestNGPackage.InvocationCountTest"/>
  <testcase name="sum" time="0.000" classname="TestNGPackage.InvocationCountTest"/>
  <testcase name="sum" time="0.003" classname="TestNGPackage.InvocationCountTest"/>
  <testcase name="sum" time="0.001" classname="TestNGPackage.InvocationCountTest"/>
  <testcase name="sum" time="0.001" classname="TestNGPackage.InvocationCountTest"/>
  <testcase name="sum" time="0.001" classname="TestNGPackage.InvocationCountTest"/>
  <testcase name="sum" time="0.001" classname="TestNGPackage.InvocationCountTest"/>
  <testcase name="sum" time="0.001" classname="TestNGPackage.InvocationCountTest"/>
  <testcase name="sum" time="0.000" classname="TestNGPackage.InvocationCountTest"/>
  <testcase name="sum" time="0.000" classname="TestNGPackage.InvocationCountTest"/>
  <testcase name="sum" time="0.000" classname="TestNGPackage.InvocationCountTest"/>
  <testcase name="sum" time="0.001" classname="TestNGPackage.InvocationCountTest"/>
  <testcase name="sum" time="0.001" classname="TestNGPackage.InvocationCountTest"/>
  <testcase name="sum" time="0.000" classname="TestNGPackage.InvocationCountTest"/>
  <testcase name="sum" time="0.002" classname="TestNGPackage.InvocationCountTest"/>
  <testcase name="sum" time="0.001" classname="TestNGPackage.InvocationCountTest"/>
  <testcase name="sum" time="0.001" classname="TestNGPackage.InvocationCountTest"/>
  <testcase name="sum" time="0.001" classname="TestNGPackage.InvocationCountTest"/>
  <testcase name="sum" time="0.000" classname="TestNGPackage.InvocationCountTest"/>
  <testcase name="sum" time="0.001" classname="TestNGPackage.InvocationCountTest"/>
  <testcase name="sum" time="0.000" classname="TestNGPackage.InvocationCountTest"/>
  <testcase name="sum" time="0.000" classname="TestNGPackage.InvocationCountTest"/>
  <testcase name="sum" time="0.002" classname="TestNGPackage.InvocationCountTest"/>
  <testcase name="sum" time="0.000" classname="TestNGPackage.InvocationCountTest"/>
  <testcase name="sum" time="0.001" classname="TestNGPackage.InvocationCountTest"/>
  <testcase name="sum" time="0.001" classname="TestNGPackage.InvocationCountTest"/>
  <testcase name="sum" time="0.002" classname="TestNGPackage.InvocationCountTest"/>
  <testcase name="sum" time="0.001" classname="TestNGPackage.InvocationCountTest"/>
  <testcase name="sum" time="0.000" classname="TestNGPackage.InvocationCountTest"/>
  <testcase name="sum" time="0.001" classname="TestNGPackage.InvocationCountTest"/>
  <testcase name="sum" time="0.000" classname="TestNGPackage.InvocationCountTest"/>
  <testcase name="sum" time="0.000" classname="TestNGPackage.InvocationCountTest"/>
  <testcase name="sum" time="0.001" classname="TestNGPackage.InvocationCountTest"/>
  <testcase name="sum" time="0.000" classname="TestNGPackage.InvocationCountTest"/>
  <testcase name="sum" time="0.002" classname="TestNGPackage.InvocationCountTest"/>
  <testcase name="sum" time="0.000" classname="TestNGPackage.InvocationCountTest"/>
  <testcase name="sum" time="0.000" classname="TestNGPackage.InvocationCountTest"/>
  <testcase name="sum" time="0.000" classname="TestNGPackage.InvocationCountTest"/>
  <testcase name="sum" time="0.000" classname="TestNGPackage.InvocationCountTest"/>
  <testcase name="sum" time="0.002" classname="TestNGPackage.InvocationCountTest"/>
  <testcase name="sum" time="0.000" classname="TestNGPackage.InvocationCountTest"/>
  <testcase name="sum" time="0.001" classname="TestNGPackage.InvocationCountTest"/>
  <testcase name="sum" time="0.001" classname="TestNGPackage.InvocationCountTest"/>
  <testcase name="sum" time="0.000" classname="TestNGPackage.InvocationCountTest"/>
  <testcase name="sum" time="0.002" classname="TestNGPackage.InvocationCountTest"/>
  <testcase name="sum" time="0.000" classname="TestNGPackage.InvocationCountTest"/>
  <testcase name="sum" time="0.001" classname="TestNGPackage.InvocationCountTest"/>
  <testcase name="sum" time="0.001" classname="TestNGPackage.InvocationCountTest"/>
  <testcase name="sum" time="0.002" classname="TestNGPackage.InvocationCountTest"/>
  <testcase name="sum" time="0.000" classname="TestNGPackage.InvocationCountTest"/>
  <testcase name="sum" time="0.000" classname="TestNGPackage.InvocationCountTest"/>
  <testcase name="sum" time="0.001" classname="TestNGPackage.InvocationCountTest"/>
  <testcase name="sum" time="0.000" classname="TestNGPackage.InvocationCountTest"/>
  <testcase name="sum" time="0.001" classname="TestNGPackage.InvocationCountTest"/>
  <testcase name="sum" time="0.000" classname="TestNGPackage.InvocationCountTest"/>
  <testcase name="sum" time="0.002" classname="TestNGPackage.InvocationCountTest"/>
  <testcase name="sum" time="0.002" classname="TestNGPackage.InvocationCountTest"/>
  <testcase name="sum" time="0.002" classname="TestNGPackage.InvocationCountTest"/>
  <testcase name="sum" time="0.000" classname="TestNGPackage.InvocationCountTest"/>
  <testcase name="sum" time="0.000" classname="TestNGPackage.InvocationCountTest"/>
  <testcase name="sum" time="0.000" classname="TestNGPackage.InvocationCountTest"/>
  <testcase name="sum" time="0.001" classname="TestNGPackage.InvocationCountTest"/>
  <testcase name="sum" time="0.002" classname="TestNGPackage.InvocationCountTest"/>
  <testcase name="sum" time="0.000" classname="TestNGPackage.InvocationCountTest"/>
  <testcase name="sum" time="0.000" classname="TestNGPackage.InvocationCountTest"/>
  <testcase name="sum" time="0.000" classname="TestNGPackage.InvocationCountTest"/>
  <testcase name="sum" time="0.003" classname="TestNGPackage.InvocationCountTest"/>
  <testcase name="sum" time="0.001" classname="TestNGPackage.InvocationCountTest"/>
  <testcase name="sum" time="0.001" classname="TestNGPackage.InvocationCountTest"/>
  <testcase name="sum" time="0.000" classname="TestNGPackage.InvocationCountTest"/>
  <testcase name="sum" time="0.001" classname="TestNGPackage.InvocationCountTest"/>
  <testcase name="sum" time="0.001" classname="TestNGPackage.InvocationCountTest"/>
  <testcase name="sum" time="0.000" classname="TestNGPackage.InvocationCountTest"/>
  <testcase name="sum" time="0.001" classname="TestNGPackage.InvocationCountTest"/>
  <testcase name="sum" time="0.000" classname="TestNGPackage.InvocationCountTest"/>
  <testcase name="sum" time="0.000" classname="TestNGPackage.InvocationCountTest"/>
  <testcase name="sum" time="0.000" classname="TestNGPackage.InvocationCountTest"/>
  <testcase name="sum" time="0.001" classname="TestNGPackage.InvocationCountTest"/>
  <testcase name="sum" time="0.000" classname="TestNGPackage.InvocationCountTest"/>
  <testcase name="sum" time="0.001" classname="TestNGPackage.InvocationCountTest"/>
  <testcase name="sum" time="0.000" classname="TestNGPackage.InvocationCountTest"/>
  <testcase name="sum" time="0.000" classname="TestNGPackage.InvocationCountTest"/>
  <testcase name="sum" time="0.001" classname="TestNGPackage.InvocationCountTest"/>
  <testcase name="sum" time="0.000" classname="TestNGPackage.InvocationCountTest"/>
  <testcase name="sum" time="0.001" classname="TestNGPackage.InvocationCountTest"/>
  <testcase name="sum" time="0.002" classname="TestNGPackage.InvocationCountTest"/>
  <testcase name="sum" time="0.000" classname="TestNGPackage.InvocationCountTest"/>
  <testcase name="sum" time="0.000" classname="TestNGPackage.InvocationCountTest"/>
  <testcase name="sum" time="0.000" classname="TestNGPackage.InvocationCountTest"/>
  <testcase name="sum" time="0.001" classname="TestNGPackage.InvocationCountTest"/>
  <testcase name="sum" time="0.000" classname="TestNGPackage.InvocationCountTest"/>
  <testcase name="sum" time="0.000" classname="TestNGPackage.InvocationCountTest"/>
  <testcase name="sum" time="0.001" classname="TestNGPackage.InvocationCountTest"/>
  <testcase name="sum" time="0.001" classname="TestNGPackage.InvocationCountTest"/>
  <testcase name="sum" time="0.001" classname="TestNGPackage.InvocationCountTest"/>
  <testcase name="sum" time="0.000" classname="TestNGPackage.InvocationCountTest"/>
  <testcase name="sum" time="0.000" classname="TestNGPackage.InvocationCountTest"/>
  <testcase name="sum" time="0.000" classname="TestNGPackage.InvocationCountTest"/>
  <testcase name="sum" time="0.000" classname="TestNGPackage.InvocationCountTest"/>
  <testcase name="sum" time="0.000" classname="TestNGPackage.InvocationCountTest"/>
  <testcase name="sum" time="0.001" classname="TestNGPackage.InvocationCountTest"/>
  <testcase name="sum" time="0.000" classname="TestNGPackage.InvocationCountTest"/>
  <testcase name="sum" time="0.000" classname="TestNGPackage.InvocationCountTest"/>
  <testcase name="sum" time="0.001" classname="TestNGPackage.InvocationCountTest"/>
  <testcase name="sum" time="0.000" classname="TestNGPackage.InvocationCountTest"/>
  <testcase name="sum" time="0.000" classname="TestNGPackage.InvocationCountTest"/>
  <testcase name="sum" time="0.001" classname="TestNGPackage.InvocationCountTest"/>
  <testcase name="sum" time="0.001" classname="TestNGPackage.InvocationCountTest"/>
  <testcase name="sum" time="0.003" classname="TestNGPackage.InvocationCountTest"/>
  <testcase name="sum" time="0.001" classname="TestNGPackage.InvocationCountTest"/>
  <testcase name="sum" time="0.000" classname="TestNGPackage.InvocationCountTest"/>
  <testcase name="sum" time="0.000" classname="TestNGPackage.InvocationCountTest"/>
  <testcase name="sum" time="0.001" classname="TestNGPackage.InvocationCountTest"/>
  <testcase name="sum" time="0.001" classname="TestNGPackage.InvocationCountTest"/>
  <testcase name="sum" time="0.001" classname="TestNGPackage.InvocationCountTest"/>
  <testcase name="sum" time="0.001" classname="TestNGPackage.InvocationCountTest"/>
  <testcase name="sum" time="0.003" classname="TestNGPackage.InvocationCountTest"/>
  <testcase name="sum" time="0.000" classname="TestNGPackage.InvocationCountTest"/>
  <testcase name="sum" time="0.001" classname="TestNGPackage.InvocationCountTest"/>
  <testcase name="sum" time="0.000" classname="TestNGPackage.InvocationCountTest"/>
  <testcase name="sum" time="0.001" classname="TestNGPackage.InvocationCountTest"/>
  <testcase name="sum" time="0.002" classname="TestNGPackage.InvocationCountTest"/>
  <testcase name="sum" time="0.000" classname="TestNGPackage.InvocationCountTest"/>
  <testcase name="sum" time="0.000" classname="TestNGPackage.InvocationCountTest"/>
  <testcase name="sum" time="0.000" classname="TestNGPackage.InvocationCountTest"/>
  <testcase name="sum" time="0.000" classname="TestNGPackage.InvocationCountTest"/>
  <testcase name="sum" time="0.001" classname="TestNGPackage.InvocationCountTest"/>
  <testcase name="sum" time="0.000" classname="TestNGPackage.InvocationCountTest"/>
  <testcase name="sum" time="0.002" classname="TestNGPackage.InvocationCountTest"/>
  <testcase name="sum" time="0.001" classname="TestNGPackage.InvocationCountTest"/>
  <testcase name="sum" time="0.001" classname="TestNGPackage.InvocationCountTest"/>
  <testcase name="sum" time="0.000" classname="TestNGPackage.InvocationCountTest"/>
  <testcase name="sum" time="0.001" classname="TestNGPackage.InvocationCountTest"/>
  <testcase name="sum" time="0.001" classname="TestNGPackage.InvocationCountTest"/>
  <testcase name="sum" time="0.001" classname="TestNGPackage.InvocationCountTest"/>
  <testcase name="sum" time="0.000" classname="TestNGPackage.InvocationCountTest"/>
  <testcase name="sum" time="0.001" classname="TestNGPackage.InvocationCountTest"/>
  <testcase name="sum" time="0.001" classname="TestNGPackage.InvocationCountTest"/>
  <testcase name="sum" time="0.001" classname="TestNGPackage.InvocationCountTest"/>
  <testcase name="sum" time="0.000" classname="TestNGPackage.InvocationCountTest"/>
  <testcase name="sum" time="0.000" classname="TestNGPackage.InvocationCountTest"/>
  <testcase name="sum" time="0.000" classname="TestNGPackage.InvocationCountTest"/>
  <testcase name="sum" time="0.000" classname="TestNGPackage.InvocationCountTest"/>
  <testcase name="sum" time="0.001" classname="TestNGPackage.InvocationCountTest"/>
  <testcase name="sum" time="0.000" classname="TestNGPackage.InvocationCountTest"/>
  <testcase name="sum" time="0.001" classname="TestNGPackage.InvocationCountTest"/>
  <testcase name="sum" time="0.000" classname="TestNGPackage.InvocationCountTest"/>
  <testcase name="sum" time="0.000" classname="TestNGPackage.InvocationCountTest"/>
  <testcase name="sum" time="0.003" classname="TestNGPackage.InvocationCountTest"/>
  <testcase name="sum" time="0.000" classname="TestNGPackage.InvocationCountTest"/>
  <testcase name="sum" time="0.000" classname="TestNGPackage.InvocationCountTest"/>
  <testcase name="sum" time="0.002" classname="TestNGPackage.InvocationCountTest"/>
  <testcase name="sum" time="0.001" classname="TestNGPackage.InvocationCountTest"/>
  <testcase name="sum" time="0.000" classname="TestNGPackage.InvocationCountTest"/>
  <testcase name="sum" time="0.001" classname="TestNGPackage.InvocationCountTest"/>
  <testcase name="sum" time="0.001" classname="TestNGPackage.InvocationCountTest"/>
  <testcase name="sum" time="0.001" classname="TestNGPackage.InvocationCountTest"/>
  <testcase name="sum" time="0.000" classname="TestNGPackage.InvocationCountTest"/>
  <testcase name="sum" time="0.000" classname="TestNGPackage.InvocationCountTest"/>
  <testcase name="sum" time="0.001" classname="TestNGPackage.InvocationCountTest"/>
  <testcase name="sum" time="0.000" classname="TestNGPackage.InvocationCountTest"/>
  <testcase name="sum" time="0.000" classname="TestNGPackage.InvocationCountTest"/>
  <testcase name="sum" time="0.000" classname="TestNGPackage.InvocationCountTest"/>
  <testcase name="sum" time="0.000" classname="TestNGPackage.InvocationCountTest"/>
  <testcase name="sum" time="0.000" classname="TestNGPackage.InvocationCountTest"/>
  <testcase name="sum" time="0.001" classname="TestNGPackage.InvocationCountTest"/>
  <testcase name="sum" time="0.005" classname="TestNGPackage.InvocationCountTest"/>
  <testcase name="sum" time="0.000" classname="TestNGPackage.InvocationCountTest"/>
</testsuite> <!-- TestNGPackage.InvocationCountTest -->
