<?xml version="1.0" encoding="UTF-8"?>
<!-- Generated by org.testng.reporters.JUnitReportReporter -->
<testsuite name="TestNgConcepts.TestNgBasics" tests="3" time="0.023" ignored="0" failures="0" timestamp="11 Oct 2021 16:38:07 GMT" skipped="0" hostname="PAKU-BLR-01" errors="0">
  <testcase name="googleTitleTest" time="0.014" classname="TestNgConcepts.TestNgBasics"/>
  <testcase name="googlesearch" time="0.004" classname="TestNgConcepts.TestNgBasics"/>
  <testcase name="googlelogoTest" time="0.005" classname="TestNgConcepts.TestNgBasics"/>
</testsuite> <!-- TestNgConcepts.TestNgBasics -->
