<?xml version="1.0" encoding="UTF-8"?>
<!-- Generated by org.testng.reporters.JUnitReportReporter -->
<testsuite name="TestNGPackage.TestNGBasics" tests="2" time="0.005" ignored="0" failures="0" timestamp="04 Sep 2021 12:00:44 GMT" skipped="0" hostname="PAKU-BLR-01" errors="0">
  <testcase name="googletiletest" time="0.003" classname="TestNGPackage.TestNGBasics"/>
  <testcase name="googletiletest1" time="0.002" classname="TestNGPackage.TestNGBasics"/>
</testsuite> <!-- TestNGPackage.TestNGBasics -->
