<?xml version="1.0" encoding="UTF-8"?>
<!-- Generated by org.testng.reporters.JUnitReportReporter -->
<testsuite name="com.DataDriven.test.LoginTest" tests="4" time="64.375" ignored="0" failures="0" timestamp="11 Oct 2021 11:31:14 GMT" skipped="0" hostname="PAKU-BLR-01" errors="0">
  <testcase name="loginTest" time="17.553" classname="com.DataDriven.test.LoginTest"/>
  <testcase name="loginTest" time="14.556" classname="com.DataDriven.test.LoginTest"/>
  <testcase name="loginTest" time="15.806" classname="com.DataDriven.test.LoginTest"/>
  <testcase name="loginTest" time="16.460" classname="com.DataDriven.test.LoginTest"/>
</testsuite> <!-- com.DataDriven.test.LoginTest -->
