<?xml version="1.0" encoding="UTF-8"?>
<!-- Generated by org.testng.reporters.JUnitReportReporter -->
<testsuite name="com.TestNGParamaters.TestNGParametersTest" tests="1" time="125.385" ignored="0" failures="0" timestamp="04 Sep 2021 15:48:09 GMT" skipped="0" hostname="PAKU-BLR-01" errors="0">
  <testcase name="YahooLoginTest" time="125.385" classname="com.TestNGParamaters.TestNGParametersTest"/>
</testsuite> <!-- com.TestNGParamaters.TestNGParametersTest -->
