<?xml version="1.0" encoding="UTF-8"?>
<!-- Generated by org.testng.reporters.JUnitReportReporter -->
<testsuite name="TestNGPackage.TestNGFeatures" tests="3" time="0.049" ignored="0" failures="0" timestamp="04 Sep 2021 12:00:44 GMT" skipped="0" hostname="PAKU-BLR-01" errors="0">
  <testcase name="searchPage" time="0.001" classname="TestNGPackage.TestNGFeatures"/>
  <testcase name="loginTest" time="0.047" classname="TestNGPackage.TestNGFeatures"/>
  <testcase name="homepageTest" time="0.001" classname="TestNGPackage.TestNGFeatures"/>
</testsuite> <!-- TestNGPackage.TestNGFeatures -->
