<?xml version="1.0" encoding="UTF-8"?>
<!-- Generated by org.testng.reporters.JUnitReportReporter -->
<testsuite name="TestNgConcepts.DataProviderTestWithoutExcel" tests="4" time="204.468" ignored="0" failures="0" timestamp="19 Oct 2021 11:54:28 GMT" skipped="0" hostname="PAKU-BLR-01" errors="0">
  <testcase name="loginTest" time="89.961" classname="TestNgConcepts.DataProviderTestWithoutExcel"/>
  <testcase name="loginTest" time="48.640" classname="TestNgConcepts.DataProviderTestWithoutExcel"/>
  <testcase name="loginTest" time="48.241" classname="TestNgConcepts.DataProviderTestWithoutExcel"/>
  <testcase name="loginTest" time="17.626" classname="TestNgConcepts.DataProviderTestWithoutExcel"/>
</testsuite> <!-- TestNgConcepts.DataProviderTestWithoutExcel -->
