<?xml version="1.0" encoding="UTF-8"?>
<!-- Generated by org.testng.reporters.JUnitReportReporter -->
<testsuite name="TestNgConcepts.ExpectedExceptionInTestNG" tests="1" time="0.020" ignored="0" failures="0" timestamp="19 Oct 2021 11:54:28 GMT" skipped="0" hostname="PAKU-BLR-01" errors="0">
  <testcase name="test" time="0.020" classname="TestNgConcepts.ExpectedExceptionInTestNG"/>
</testsuite> <!-- TestNgConcepts.ExpectedExceptionInTestNG -->
